Problem:    
Rows:       61
Columns:    76
Non-zeros:  170
Status:     UNDEFINED
Objective:  obj = 0 (MAXimum)

   No.   Row name   St   Activity     Lower bound   Upper bound    Marginal
------ ------------ -- ------------- ------------- ------------- -------------
     1 r.4          B              0             0             = 
     2 r.5          B              0                           0 
     3 r.6          B              0                           0 
     4 r.7          B              0                           0 
     5 r.8          B              0                           0 
     6 r.9          B              0             0             = 
     7 r.10         B              0                           0 
     8 r.11         B              0                           0 
     9 r.12         B              0                           0 
    10 r.13         B              0                           0 
    11 r.14         B              0                           0 
    12 r.15         B              0                           0 
    13 r.16         B              0                           0 
    14 r.17         B              0                           0 
    15 r.18         B              0                           0 
    16 r.19         B              0                           0 
    17 r.20         B              0                           0 
    18 r.21         B              0                           0 
    19 r.22         B              0                           0 
    20 r.23         B              0                           0 
    21 r.24         B              0                           0 
    22 r.25         B              0                           0 
    23 r.26         B              0                           0 
    24 r.27         B              0                           0 
    25 r.28         B              0                           0 
    26 r.29         B              0                           0 
    27 r.30         B              0                           0 
    28 r.31         B              0                           0 
    29 r.32         B              0                           0 
    30 r.33         B              0                           0 
    31 r.34         B              0                           0 
    32 r.35         B              0                           0 
    33 r.36         B              0                           0 
    34 r.37         B              0                           0 
    35 r.38         B              0                           0 
    36 r.39         B              0                           0 
    37 r.40         B              0                           0 
    38 r.41         B              0                           0 
    39 r.42         B              0                           0 
    40 r.43         B              0                           0 
    41 r.44         B              0                           0 
    42 r.45         B              0                           0 
    43 r.46         B              0                           0 
    44 r.47         B              0                           0 
    45 r.48         B              0                           0 
    46 r.49         B              0                           0 
    47 r.50         B              0                           0 
    48 r.51         B              0                           0 
    49 r.52         B              0                           0 
    50 r.53         B              0                           0 
    51 r.54         B              0                           0 
    52 r.55         B              0                           0 
    53 r.56         B              0             1             = 
    54 r.57         B              0             1             = 
    55 r.58         B              0             1             = 
    56 r.59         B              0             1             = 
    57 r.60         B              0             1             = 
    58 r.61         B              0             1             = 
    59 r.62         B              0             1             = 
    60 r.63         B              0             1             = 
    61 r.64         B              0             1             = 

   No. Column name  St   Activity     Lower bound   Upper bound    Marginal
------ ------------ -- ------------- ------------- ------------- -------------
     1 V(0,1)       NL             0             0                       < eps
     2 V(0,2)       NF             0                                     < eps
     3 V(1,1)       NL             0             0                       < eps
     4 V(1,2)       NF             0                                     < eps
     5 F(1,1)       NL             0             0                       < eps
     6 F(1,2)       NL             0             0                       < eps
     7 V(3,2)       NF             0                                     < eps
     8 V(1302,1)    NL             0             0                       < eps
     9 F(1302,1)    NL             0             0                       < eps
    10 F(1302,2)    NL             0             0                       < eps
    11 V(1303,1)    NL             0             0                       < eps
    12 V(1302,2)    NL             0             0                       < eps
    13 V(1303,2)    NL             0             0                       < eps
    14 V(2,1)       NL             0             0                       < eps
    15 F(2,1)       NL             0             0                       < eps
    16 F(2,2)       NL             0             0                       < eps
    17 V(8,1)       NL             0             0                       < eps
    18 V(2,2)       NF             0                                     < eps
    19 V(3,1)       NL             0             0                       < eps
    20 F(3,1)       NL             0             0                       < eps
    21 F(3,2)       NL             0             0                       < eps
    22 V(1301,1)    NL             0             0                       < eps
    23 V(1301,2)    NL             0             0                       < eps
    24 V(1304,1)    NL             0             0                       < eps
    25 F(1304,1)    NL             0             0                       < eps
    26 F(1304,2)    NL             0             0                       < eps
    27 V(1304,2)    NL             0             0                       < eps
    28 V(8,2)       NF             0                                     < eps
    29 F(8,1)       NL             0             0                       < eps
    30 F(8,2)       NL             0             0                       < eps
    31 V(1202,1)    NL             0             0                       < eps
    32 V(1202,2)    NL             0             0                       < eps
    33 V(1201,1)    NL             0             0                       < eps
    34 F(1201,1)    NL             0             0                       < eps
    35 F(1201,2)    NL             0             0                       < eps
    36 V(1201,2)    NL             0             0                       < eps
    37 F(1202,1)    NL             0             0                       < eps
    38 F(1202,2)    NL             0             0                       < eps
    39 V(1204,1)    NL             0             0                       < eps
    40 F(1204,1)    NL             0             0                       < eps
    41 F(1204,2)    NL             0             0                       < eps
    42 V(1204,2)    NL             0             0                       < eps
    43 F(1303,1)    NL             0             0                       < eps
    44 F(1303,2)    NL             0             0                       < eps
    45 F(0,1)       NL             0             0                       < eps
    46 F(0,2)       NL             0             0                       < eps
    47 V(1101,1)    NL             0             0                       < eps
    48 V(1101,2)    NL             0             0                       < eps
    49 V(1103,1)    NL             0             0                       < eps
    50 F(1103,1)    NL             0             0                       < eps
    51 F(1103,2)    NL             0             0                       < eps
    52 V(1103,2)    NL             0             0                       < eps
    53 V(1102,1)    NL             0             0                       < eps
    54 F(1102,1)    NL             0             0                       < eps
    55 F(1102,2)    NL             0             0                       < eps
    56 V(1102,2)    NL             0             0                       < eps
    57 F(1101,1)    NL             0             0                       < eps
    58 F(1101,2)    NL             0             0                       < eps
    59 V(1203,1)    NL             0             0                       < eps
    60 F(1203,1)    NL             0             0                       < eps
    61 F(1203,2)    NL             0             0                       < eps
    62 V(1203,2)    NL             0             0                       < eps
    63 F(1301,1)    NL             0             0                       < eps
    64 F(1301,2)    NL             0             0                       < eps
    65 F(4,1)       NL             0             0                       < eps
    66 F(4,2)       NL             0             0                       < eps
    67 F(5,1)       NL             0             0                       < eps
    68 F(5,2)       NL             0             0                       < eps
    69 F(6,1)       NL             0             0                       < eps
    70 F(6,2)       NL             0             0                       < eps
    71 F(7,1)       NL             0             0                       < eps
    72 F(7,2)       NL             0             0                       < eps
    73 V(4,2)       NF             0                                     < eps
    74 V(5,2)       NF             0                                     < eps
    75 V(6,2)       NF             0                                     < eps
    76 V(7,2)       NF             0                                     < eps

Karush-Kuhn-Tucker optimality conditions:

KKT.PE: max.abs.err = 0.00e+00 on row 0
        max.rel.err = 0.00e+00 on row 0
        High quality

KKT.PB: max.abs.err = 1.00e+00 on row 53
        max.rel.err = 5.00e-01 on row 53
        PRIMAL SOLUTION IS INFEASIBLE

KKT.DE: max.abs.err = 7.50e-01 on column 2
        max.rel.err = 4.29e-01 on column 2
        DUAL SOLUTION IS WRONG

KKT.DB: max.abs.err = 0.00e+00 on row 0
        max.rel.err = 0.00e+00 on row 0
        High quality

End of output
