Problem:    
Rows:       325
Columns:    232
Non-zeros:  986
Status:     OPTIMAL
Objective:  obj = 2.75 (MAXimum)

   No.   Row name   St   Activity     Lower bound   Upper bound    Marginal
------ ------------ -- ------------- ------------- ------------- -------------
     1 r.4          NU             0                           0      0.166667 
     2 r.5          B             -1                           0 
     3 r.6          NU             0                           0      0.166667 
     4 r.7          NU             0                           0      0.166667 
     5 r.8          NU             0                           0         < eps
     6 r.9          B              0                           0 
     7 r.10         B             -1                           0 
     8 r.11         B             -1                           0 
     9 r.12         NS             0             0             =          0.25 
    10 r.13         NU             0                           0     0.0833333 
    11 r.14         B             -1                           0 
    12 r.15         NU             0                           0     0.0833333 
    13 r.16         NU             0                           0     0.0416667 
    14 r.17         NS             0             0             =          0.25 
    15 r.18         NU             0                           0     0.0416667 
    16 r.19         B             -1                           0 
    17 r.20         B             -1                           0 
    18 r.21         NU             0                           0     0.0833333 
    19 r.22         NU             0                           0     0.0833333 
    20 r.23         NU             0                           0     0.0833333 
    21 r.24         B              0                           0 
    22 r.25         B              0                           0 
    23 r.26         NU             0                           0         < eps
    24 r.27         B             -2                           0 
    25 r.28         NU             0                           0     0.0416667 
    26 r.29         NU             0                           0     0.0416667 
    27 r.30         NU             0                           0     0.0416667 
    28 r.31         B             -1                           0 
    29 r.32         NU             0                           0     0.0833333 
    30 r.33         B              0                           0 
    31 r.34         B             -1                           0 
    32 r.35         NU             0                           0     0.0833333 
    33 r.36         NU             0                           0     0.0833333 
    34 r.37         NU             0                           0         < eps
    35 r.38         NU             0                           0     0.0833333 
    36 r.39         B             -1                           0 
    37 r.40         NU             0                           0         < eps
    38 r.41         NU             0                           0         < eps
    39 r.42         NU             0                           0         < eps
    40 r.43         B              0                           0 
    41 r.44         NU             0                           0     0.0416667 
    42 r.45         B             -1                           0 
    43 r.46         NU             0                           0     0.0416667 
    44 r.47         NU             0                           0     0.0416667 
    45 r.48         B             -1                           0 
    46 r.49         NU             0                           0     0.0833333 
    47 r.50         B              0                           0 
    48 r.51         NU             0                           0     0.0833333 
    49 r.52         B              0                           0 
    50 r.53         B              0                           0 
    51 r.54         NU             0                           0         < eps
    52 r.55         B             -2                           0 
    53 r.56         B              0                           0 
    54 r.57         B              0                           0 
    55 r.58         B             -2                           0 
    56 r.59         NU             0                           0         < eps
    57 r.60         NU             0                           0         < eps
    58 r.61         B              0                           0 
    59 r.62         NU             0                           0         < eps
    60 r.63         NU             0                           0         < eps
    61 r.64         B             -1                           0 
    62 r.65         NU             0                           0         < eps
    63 r.66         B              0                           0 
    64 r.67         B              0                           0 
    65 r.68         NU             0                           0         < eps
    66 r.69         B              0                           0 
    67 r.70         NU             0                           0         < eps
    68 r.71         NU             0                           0     0.0416667 
    69 r.72         B              0                           0 
    70 r.73         NU             0                           0         < eps
    71 r.74         NU             0                           0         < eps
    72 r.75         NU             0                           0         < eps
    73 r.76         NU             0                           0         < eps
    74 r.77         NU             0                           0         < eps
    75 r.78         B             -2                           0 
    76 r.79         NU             0                           0         < eps
    77 r.80         B              0                           0 
    78 r.81         B              0                           0 
    79 r.82         NU             0                           0         < eps
    80 r.83         NS             0             0             =          0.25 
    81 r.84         B             -1                           0 
    82 r.85         B              0                           0 
    83 r.86         NU             0                           0     0.0833333 
    84 r.87         NU             0                           0         < eps
    85 r.88         NU             0                           0         < eps
    86 r.89         B              0             0             = 
    87 r.90         NU             0                           0         < eps
    88 r.91         NU             0                           0     0.0416667 
    89 r.92         NU             0                           0     0.0416667 
    90 r.93         NU             0                           0      0.208333 
    91 r.94         NU             0                           0     0.0416667 
    92 r.95         NU             0                           0     0.0416667 
    93 r.96         B              0                           0 
    94 r.97         B              0                           0 
    95 r.98         B             -1                           0 
    96 r.99         B              0                           0 
    97 r.100        B             -1                           0 
    98 r.101        B              0                           0 
    99 r.102        NU             0                           0         < eps
   100 r.103        B             -1                           0 
   101 r.104        NU             0                           0         < eps
   102 r.105        NU             0                           0         < eps
   103 r.106        B              0                           0 
   104 r.107        B             -2                           0 
   105 r.108        NU             0                           0         < eps
   106 r.109        B             -1                           0 
   107 r.110        NU             0                           0         < eps
   108 r.111        B             -1                           0 
   109 r.112        B              0                           0 
   110 r.113        B              0                           0 
   111 r.114        B              0                           0 
   112 r.115        B             -2                           0 
   113 r.116        B              0                           0 
   114 r.117        NU             0                           0         < eps
   115 r.118        B              0                           0 
   116 r.119        NU             0                           0      0.208333 
   117 r.120        B              0                           0 
   118 r.121        NU             0                           0     0.0416667 
   119 r.122        NU             0                           0         < eps
   120 r.123        B             -1                           0 
   121 r.124        NU             0                           0     0.0833333 
   122 r.125        NU             0                           0     0.0833333 
   123 r.126        NU             0                           0     0.0833333 
   124 r.127        NU             0                           0     0.0833333 
   125 r.128        B              0                           0 
   126 r.129        NU             0                           0     0.0416667 
   127 r.130        B              0                           0 
   128 r.131        B             -1                           0 
   129 r.132        B              0                           0 
   130 r.133        B              0                           0 
   131 r.134        NU             0                           0         < eps
   132 r.135        B             -2                           0 
   133 r.136        NU             0                           0         < eps
   134 r.137        B              0                           0 
   135 r.138        NU             0                           0         < eps
   136 r.139        B             -1                           0 
   137 r.140        NU             0                           0         < eps
   138 r.141        NU             0                           0         < eps
   139 r.142        NU             0                           0          0.25 
   140 r.143        NU             0                           0         < eps
   141 r.144        B              0                           0 
   142 r.145        NU             0                           0         < eps
   143 r.146        B              0                           0 
   144 r.147        B              0             0             = 
   145 r.148        B              0             0             = 
   146 r.149        NU             0                           0         < eps
   147 r.150        NU             0                           0     0.0833333 
   148 r.151        B              0                           0 
   149 r.152        NU             0                           0     0.0833333 
   150 r.153        B              0                           0 
   151 r.154        B              0                           0 
   152 r.155        NU             0                           0         0.125 
   153 r.156        B              0                           0 
   154 r.157        B              0                           0 
   155 r.158        NU             0                           0         < eps
   156 r.159        B             -2                           0 
   157 r.160        NU             0                           0     0.0833333 
   158 r.161        NU             0                           0     0.0833333 
   159 r.162        NU             0                           0     0.0833333 
   160 r.163        NU             0                           0     0.0833333 
   161 r.164        B              0                           0 
   162 r.165        B              0                           0 
   163 r.166        NU             0                           0         < eps
   164 r.167        B             -1                           0 
   165 r.168        NU             0                           0      0.166667 
   166 r.169        NU             0                           0      0.166667 
   167 r.170        NU             0                           0      0.166667 
   168 r.171        NU             0                           0      0.166667 
   169 r.172        NU             0                           0      0.166667 
   170 r.173        NU             0                           0      0.166667 
   171 r.174        NU             0                           0      0.166667 
   172 r.175        NU             0                           0      0.166667 
   173 r.176        B              0                           0 
   174 r.177        NU             0                           0     0.0416667 
   175 r.178        B             -1                           0 
   176 r.179        NU             0                           0     0.0416667 
   177 r.180        B              0                           0 
   178 r.181        NU             0                           0         < eps
   179 r.182        B              0                           0 
   180 r.183        NU             0                           0         < eps
   181 r.184        NU             0                           0      0.166667 
   182 r.185        NU             0                           0      0.166667 
   183 r.186        NU             0                           0      0.166667 
   184 r.187        NU             0                           0      0.166667 
   185 r.188        NU             0                           0     0.0833333 
   186 r.189        B              0                           0 
   187 r.190        B             -2                           0 
   188 r.191        NU             0                           0         < eps
   189 r.192        B              0                           0 
   190 r.193        B              0                           0 
   191 r.194        B              0                           0 
   192 r.195        B             -2                           0 
   193 r.196        B             -1                           0 
   194 r.197        B              0                           0 
   195 r.198        B              0                           0 
   196 r.199        B             -1                           0 
   197 r.200        B              0                           0 
   198 r.201        NU             0                           0         < eps
   199 r.202        B              0                           0 
   200 r.203        B             -1                           0 
   201 r.204        B              0                           0 
   202 r.205        B              0                           0 
   203 r.206        B              0                           0 
   204 r.207        B             -2                           0 
   205 r.208        B              0             0             = 
   206 r.209        B              0                           0 
   207 r.210        B             -1                           0 
   208 r.211        B              0                           0 
   209 r.212        NU             0                           0     0.0833333 
   210 r.213        B              0                           0 
   211 r.214        B             -1                           0 
   212 r.215        NU             0                           0         0.125 
   213 r.216        NU             0                           0         < eps
   214 r.217        B             -1                           0 
   215 r.218        NU             0                           0         < eps
   216 r.219        B              0                           0 
   217 r.220        B              0                           0 
   218 r.221        NU             0                           0         < eps
   219 r.222        B              0                           0 
   220 r.223        NU             0                           0         < eps
   221 r.224        B             -1                           0 
   222 r.225        B              0                           0 
   223 r.226        NS             0             0             =          0.25 
   224 r.227        NU             0                           0         < eps
   225 r.228        NU             0                           0      0.166667 
   226 r.229        NU             0                           0      0.166667 
   227 r.230        NU             0                           0      0.166667 
   228 r.231        NU             0                           0      0.166667 
   229 r.232        B              0                           0 
   230 r.233        B              0                           0 
   231 r.234        B             -2                           0 
   232 r.235        NU             0                           0      0.166667 
   233 r.236        NU             0                           0     0.0833333 
   234 r.237        NU             0                           0         < eps
   235 r.238        NU             0                           0      0.166667 
   236 r.239        NU             0                           0      0.166667 
   237 r.240        B              0                           0 
   238 r.241        NU             0                           0     0.0416667 
   239 r.242        B              0                           0 
   240 r.243        NU             0                           0         < eps
   241 r.244        NU             0                           0     0.0833333 
   242 r.245        B              0                           0 
   243 r.246        B              0                           0 
   244 r.247        B             -1                           0 
   245 r.248        B              0                           0 
   246 r.249        NU             0                           0     0.0833333 
   247 r.250        NU             0                           0         < eps
   248 r.251        B             -2                           0 
   249 r.252        NU             0                           0     0.0833333 
   250 r.253        NU             0                           0     0.0833333 
   251 r.254        NU             0                           0     0.0833333 
   252 r.255        NU             0                           0     0.0833333 
   253 r.256        B              0                           0 
   254 r.257        B              0                           0 
   255 r.258        B              0                           0 
   256 r.259        B             -2                           0 
   257 r.260        B              0                           0 
   258 r.261        B              0                           0 
   259 r.262        B              0                           0 
   260 r.263        B             -2                           0 
   261 r.264        NU             0                           0     0.0833333 
   262 r.265        NU             0                           0     0.0833333 
   263 r.266        NU             0                           0     0.0833333 
   264 r.267        NU             0                           0     0.0833333 
   265 r.268        NU             0                           0     0.0833333 
   266 r.269        NU             0                           0         < eps
   267 r.270        NU             0                           0      0.166667 
   268 r.271        NU             0                           0         < eps
   269 r.272        B              0                           0 
   270 r.273        NU             0                           0         < eps
   271 r.274        NU             0                           0         < eps
   272 r.275        NU             0                           0         < eps
   273 r.276        NU             0                           0     0.0833333 
   274 r.277        NU             0                           0         < eps
   275 r.278        B             -1                           0 
   276 r.279        B              0                           0 
   277 r.280        B              0                           0 
   278 r.281        B              0                           0 
   279 r.282        B             -2                           0 
   280 r.283        B              0                           0 
   281 r.284        B             -1                           0 
   282 r.285        B              0                           0 
   283 r.286        NU             0                           0     0.0833333 
   284 r.287        NU             0                           0     0.0833333 
   285 r.288        NU             0                           0     0.0833333 
   286 r.289        NU             0                           0     0.0833333 
   287 r.290        NU             0                           0     0.0833333 
   288 r.291        NU             0                           0     0.0833333 
   289 r.292        NU             0                           0     0.0833333 
   290 r.293        B              0                           0 
   291 r.294        NU             0                           0         < eps
   292 r.295        B             -1                           0 
   293 r.296        NU             0                           0         < eps
   294 r.297        B              0                           0 
   295 r.298        B              0             0             = 
   296 r.299        B              0                           0 
   297 r.300        NS             1             1             =          0.25 
   298 r.301        NS             1             1             =      0.166667 
   299 r.302        NS             1             1             =     0.0833333 
   300 r.303        NS             1             1             =         < eps
   301 r.304        NS             1             1             =      0.166667 
   302 r.305        NS             1             1             =      0.166667 
   303 r.306        NS             1             1             =     0.0833333 
   304 r.307        NS             1             1             =         < eps
   305 r.308        NS             1             1             =     0.0416667 
   306 r.309        NS             1             1             =     0.0416667 
   307 r.310        NS             1             1             =     0.0416667 
   308 r.311        NS             1             1             =      0.208333 
   309 r.312        NS             1             1             =         < eps
   310 r.313        NS             1             1             =     0.0833333 
   311 r.314        NS             1             1             =     0.0833333 
   312 r.315        NS             1             1             =         < eps
   313 r.316        NS             1             1             =      0.166667 
   314 r.317        NS             1             1             =         < eps
   315 r.318        NS             1             1             =         < eps
   316 r.319        NS             1             1             =         0.125 
   317 r.320        NS             1             1             =      0.166667 
   318 r.321        NS             1             1             =      0.208333 
   319 r.322        NS             1             1             =         < eps
   320 r.323        NS             1             1             =          0.25 
   321 r.324        NS             1             1             =     0.0833333 
   322 r.325        NS             1             1             =     0.0833333 
   323 r.326        NS             1             1             =     0.0833333 
   324 r.327        NS             1             1             =     0.0833333 
   325 r.328        NS             1             1             =     0.0833333 

   No. Column name  St   Activity     Lower bound   Upper bound    Marginal
------ ------------ -- ------------- ------------- ------------- -------------
     1 V(0,27)      B              1                             
     2 V(0,10)      B              1                             
     3 V(0,15)      B              3                             
     4 V(0,18)      B              6                             
     5 V(11,27)     B              1                             
     6 F(11,27)     B              0             0               
     7 F(11,10)     B              1             0               
     8 F(11,15)     B              0             0               
     9 F(11,18)     NL             0             0                       < eps
    10 V(16,27)     B              1                             
    11 V(11,10)     B              1                             
    12 V(16,10)     B              1                             
    13 V(11,15)     B              3                             
    14 V(16,15)     B              3                             
    15 V(11,18)     B              2                             
    16 V(16,18)     B              2                             
    17 V(7,27)      B              0                             
    18 F(7,27)      NL             0             0                       < eps
    19 F(7,10)      NL             0             0                       < eps
    20 F(7,15)      B              0             0               
    21 F(7,18)      B              1             0               
    22 V(3,27)      NF             0                                     < eps
    23 V(7,10)      B              1                             
    24 V(3,10)      B              1                             
    25 V(7,15)      B              0                             
    26 V(3,15)      B              1                             
    27 V(7,18)      B              2                             
    28 V(3,18)      B              2                             
    29 V(27,27)     B              0                             
    30 V(27,10)     B              1                             
    31 F(27,27)     NL             0             0                  -0.0833333 
    32 F(27,10)     NL             0             0                       < eps
    33 F(27,15)     B              1             0               
    34 F(27,18)     B              0             0               
    35 V(26,10)     B              1                             
    36 V(27,15)     B              3                             
    37 V(26,15)     B              3                             
    38 V(27,18)     B              2                             
    39 V(26,18)     B              2                             
    40 V(10,27)     B              1                             
    41 F(10,27)     B              0             0               
    42 F(10,10)     NL             0             0                  -0.0416667 
    43 F(10,15)     B              0             0               
    44 F(10,18)     B              1             0               
    45 V(10,10)     B              0                             
    46 V(10,15)     B              3                             
    47 V(10,18)     B              2                             
    48 V(26,27)     B              0                             
    49 F(26,27)     NL             0             0                       < eps
    50 F(26,10)     B              0             0               
    51 F(26,15)     B              0             0               
    52 F(26,18)     B              1             0               
    53 V(24,27)     B              1                             
    54 V(24,10)     B              1                             
    55 V(24,15)     B              3                             
    56 V(24,18)     B              1                             
    57 V(5,27)      B              1                             
    58 F(5,27)      B              0             0               
    59 F(5,10)      B              0             0               
    60 F(5,15)      B              0             0               
    61 F(5,18)      B              1             0               
    62 V(6,27)      B              1                             
    63 V(5,10)      B              1                             
    64 V(6,10)      B              1                             
    65 V(5,15)      B              3                             
    66 V(6,15)      B              3                             
    67 V(5,18)      B              3                             
    68 V(6,18)      B              4                             
    69 V(9,27)      B              1                             
    70 F(9,27)      B              0             0               
    71 F(9,10)      B              0             0               
    72 F(9,15)      NL             0             0                       < eps
    73 F(9,18)      B              1             0               
    74 V(8,27)      B              1                             
    75 V(9,10)      B              1                             
    76 V(8,10)      B              1                             
    77 V(9,15)      B              3                             
    78 V(8,15)      B              3                             
    79 V(9,18)      B              1                             
    80 V(8,18)      B              1                             
    81 V(25,27)     B              1                             
    82 F(25,27)     B              1             0               
    83 F(25,10)     NL             0             0                  -0.0833333 
    84 F(25,15)     B              0             0               
    85 F(25,18)     B              0             0               
    86 V(28,27)     B              0                             
    87 V(25,10)     B              1                             
    88 V(28,10)     B              1                             
    89 V(25,15)     B              1                             
    90 V(28,15)     B              2                             
    91 V(25,18)     B              2                             
    92 V(28,18)     B              2                             
    93 F(24,27)     B              1             0               
    94 F(24,10)     NL             0             0                       < eps
    95 F(24,15)     NL             0             0                       < eps
    96 F(24,18)     B              0             0               
    97 V(17,27)     B              1                             
    98 F(17,27)     B              0             0               
    99 F(17,10)     B              0             0               
   100 F(17,15)     B              1             0               
   101 F(17,18)     NL             0             0                       < eps
   102 V(20,27)     B              1                             
   103 V(17,10)     B              1                             
   104 V(20,10)     B              1                             
   105 V(17,15)     B              3                             
   106 V(20,15)     B              2                             
   107 V(17,18)     B              2                             
   108 V(20,18)     B              2                             
   109 F(8,27)      NL             0             0                       < eps
   110 F(8,10)      B              1             0               
   111 F(8,15)      B              0             0               
   112 F(8,18)      B              0             0               
   113 V(21,27)     B              1                             
   114 V(21,10)     B              1                             
   115 V(21,15)     B              3                             
   116 V(21,18)     B              1                             
   117 F(6,27)      NL             0             0                       < eps
   118 F(6,10)      NL             0             0                       < eps
   119 F(6,15)      B              0             0               
   120 F(6,18)      B              1             0               
   121 V(2,27)      B              1                             
   122 V(2,10)      B              1                             
   123 V(2,15)      B              3                             
   124 V(2,18)      B              5                             
   125 F(3,27)      NL             0             0                       < eps
   126 F(3,10)      NL             0             0                       < eps
   127 F(3,15)      B              1             0               
   128 F(3,18)      B              0             0               
   129 V(19,27)     B              1                             
   130 F(19,27)     NL             0             0                  -0.0416667 
   131 F(19,10)     NL             0             0                  -0.0416667 
   132 F(19,15)     NL             0             0                      -0.125 
   133 F(19,18)     B              1             0               
   134 V(22,27)     B              1                             
   135 V(19,10)     B              1                             
   136 V(22,10)     B              1                             
   137 V(19,15)     B              3                             
   138 V(22,15)     B              3                             
   139 V(19,18)     B              2                             
   140 V(22,18)     B              1                             
   141 V(18,27)     B              1                             
   142 V(18,10)     B              1                             
   143 V(18,15)     B              3                             
   144 V(18,18)     B              0                             
   145 F(20,27)     NL             0             0                  -0.0833333 
   146 F(20,10)     NL             0             0                   -0.166667 
   147 F(20,15)     B              1             0               
   148 F(20,18)     B              0             0               
   149 F(18,27)     NL             0             0                       < eps
   150 F(18,10)     B              0             0               
   151 F(18,15)     B              0             0               
   152 F(18,18)     B              1             0               
   153 V(23,27)     B              1                             
   154 V(23,10)     B              1                             
   155 V(23,15)     B              1                             
   156 V(23,18)     B              2                             
   157 V(12,27)     B              1                             
   158 V(12,10)     B              1                             
   159 V(12,15)     B              3                             
   160 V(12,18)     B              2                             
   161 V(15,27)     B              1                             
   162 V(15,10)     B              1                             
   163 V(15,15)     B              0                             
   164 V(15,18)     B              2                             
   165 F(22,27)     B              0             0               
   166 F(22,10)     B              0             0               
   167 F(22,15)     B              0             0               
   168 F(22,18)     B              1             0               
   169 F(12,27)     B              0             0               
   170 F(12,10)     B              0             0               
   171 F(12,15)     NL             0             0                       < eps
   172 F(12,18)     B              1             0               
   173 V(13,27)     B              1                             
   174 V(13,10)     B              1                             
   175 V(13,15)     B              3                             
   176 V(13,18)     B              3                             
   177 F(21,27)     NL             0             0                      -0.125 
   178 F(21,10)     NL             0             0                      -0.125 
   179 F(21,15)     NL             0             0                   -0.208333 
   180 F(21,18)     B              1             0               
   181 V(14,27)     B              1                             
   182 F(14,27)     B              1             0               
   183 F(14,10)     NL             0             0                       < eps
   184 F(14,15)     NL             0             0                       < eps
   185 F(14,18)     NL             0             0                       < eps
   186 V(14,10)     B              1                             
   187 V(14,15)     B              3                             
   188 V(14,18)     B              2                             
   189 F(23,27)     NL             0             0                   -0.166667 
   190 F(23,10)     NL             0             0                       -0.25 
   191 F(23,15)     B              1             0               
   192 F(23,18)     NL             0             0                  -0.0833333 
   193 V(4,27)      B              1                             
   194 V(4,10)      B              1                             
   195 V(4,15)      B              3                             
   196 V(4,18)      B              4                             
   197 F(2,27)      NL             0             0                       < eps
   198 F(2,10)      NL             0             0                       < eps
   199 F(2,15)      B              0             0               
   200 F(2,18)      B              1             0               
   201 F(4,27)      NL             0             0                       < eps
   202 F(4,10)      B              0             0               
   203 F(4,15)      B              0             0               
   204 F(4,18)      B              1             0               
   205 F(16,27)     B              0             0               
   206 F(16,10)     NL             0             0                      -0.125 
   207 F(16,15)     B              1             0               
   208 F(16,18)     B              0             0               
   209 F(13,27)     B              0             0               
   210 F(13,10)     NL             0             0                       < eps
   211 F(13,15)     B              0             0               
   212 F(13,18)     B              1             0               
   213 V(1,27)      B              1                             
   214 F(1,27)      NL             0             0                       < eps
   215 F(1,10)      NL             0             0                       < eps
   216 F(1,15)      B              0             0               
   217 F(1,18)      B              1             0               
   218 V(1,10)      B              1                             
   219 V(1,15)      B              3                             
   220 V(1,18)      B              5                             
   221 F(28,27)     NL             0             0                       < eps
   222 F(28,10)     NL             0             0                  -0.0833333 
   223 F(28,15)     B              1             0               
   224 F(28,18)     NL             0             0                       < eps
   225 F(15,27)     B              1             0               
   226 F(15,10)     NL             0             0                       < eps
   227 F(15,15)     B              0             0               
   228 F(15,18)     B              0             0               
   229 F(0,27)      NL             0             0                       < eps
   230 F(0,10)      NL             0             0                       < eps
   231 F(0,15)      NL             0             0                       < eps
   232 F(0,18)      B              1             0               

Karush-Kuhn-Tucker optimality conditions:

KKT.PE: max.abs.err = 0.00e+00 on row 0
        max.rel.err = 0.00e+00 on row 0
        High quality

KKT.PB: max.abs.err = 5.55e-17 on row 219
        max.rel.err = 5.55e-17 on row 219
        High quality

KKT.DE: max.abs.err = 3.61e-16 on column 207
        max.rel.err = 2.71e-16 on column 207
        High quality

KKT.DB: max.abs.err = 2.64e-16 on column 221
        max.rel.err = 2.64e-16 on column 221
        High quality

End of output
