Problem:    
Rows:       717
Columns:    240
Non-zeros:  2194
Status:     OPTIMAL
Objective:  obj = 2.583333333 (MAXimum)

   No.   Row name   St   Activity     Lower bound   Upper bound    Marginal
------ ------------ -- ------------- ------------- ------------- -------------
     1 r.4          NU             0                           0     0.0833333 
     2 r.5          B              0                           0 
     3 r.6          B              0                           0 
     4 r.7          B              0                           0 
     5 r.8          B              0                           0 
     6 r.9          B              0                           0 
     7 r.10         B              0                           0 
     8 r.11         B              0                           0 
     9 r.12         B              0                           0 
    10 r.13         B              0                           0 
    11 r.14         NU             0                           0      0.166667 
    12 r.15         B              0                           0 
    13 r.16         B              0                           0 
    14 r.17         B              0                           0 
    15 r.18         B              0                           0 
    16 r.19         NU             0                           0      0.166667 
    17 r.20         B              0                           0 
    18 r.21         B              0                           0 
    19 r.22         B              0                           0 
    20 r.23         B              0                           0 
    21 r.24         NU             0                           0         < eps
    22 r.25         NU             0                           0         < eps
    23 r.26         B       -1.16667                           0 
    24 r.27         B           -0.5                           0 
    25 r.28         NS             0             0             =          0.25 
    26 r.29         NU             0                           0     0.0833333 
    27 r.30         NU             0                           0         < eps
    28 r.31         NU             0                           0         < eps
    29 r.32         B      -0.277778                           0 
    30 r.33         NS             0             0             =          0.25 
    31 r.34         B       -1.16667                           0 
    32 r.35         B      -0.444444                           0 
    33 r.36         B      -0.555556                           0 
    34 r.37         B      -0.555556                           0 
    35 r.38         B      -0.555556                           0 
    36 r.39         B      -0.555556                           0 
    37 r.40         NU             0                           0     0.0833333 
    38 r.41         B              0                           0 
    39 r.42         B              0                           0 
    40 r.43         B              0                           0 
    41 r.44         NU             0                           0         0.125 
    42 r.45         B              0                           0 
    43 r.46         B              0                           0 
    44 r.47         B              0                           0 
    45 r.48         NU             0                           0         < eps
    46 r.49         B              0                           0 
    47 r.50         B              0                           0 
    48 r.51         B              0                           0 
    49 r.52         B              0                           0 
    50 r.53         B              0                           0 
    51 r.54         B              0                           0 
    52 r.55         B             -2                           0 
    53 r.56         NU             0                           0         < eps
    54 r.57         NU             0                           0         < eps
    55 r.58         B              0                           0 
    56 r.59         B       -1.72222                           0 
    57 r.60         NU             0                           0     0.0833333 
    58 r.61         NU             0                           0         < eps
    59 r.62         B       -1.16667                           0 
    60 r.63         NU             0                           0         < eps
    61 r.64         NU             0                           0     0.0833333 
    62 r.65         B              0                           0 
    63 r.66         B              0                           0 
    64 r.67         B              0                           0 
    65 r.68         B              0                           0 
    66 r.69         B              0                           0 
    67 r.70         B              0                           0 
    68 r.71         B              0                           0 
    69 r.72         NU             0                           0         0.125 
    70 r.73         B              0                           0 
    71 r.74         B              0                           0 
    72 r.75         B              0                           0 
    73 r.76         B       -1.44444                           0 
    74 r.77         B       -1.44444                           0 
    75 r.78         B       -1.44444                           0 
    76 r.79         B       -1.44444                           0 
    77 r.80         NU             0                           0     0.0833333 
    78 r.81         B              0                           0 
    79 r.82         B              0                           0 
    80 r.83         B              0                           0 
    81 r.84         B              0                           0 
    82 r.85         NU             0                           0     0.0333333 
    83 r.86         B              0                           0 
    84 r.87         B              0                           0 
    85 r.88         B              0                           0 
    86 r.89         B              0                           0 
    87 r.90         B      -0.222222                           0 
    88 r.91         B      -0.222222                           0 
    89 r.92         B      -0.222222                           0 
    90 r.93         B      -0.222222                           0 
    91 r.94         B      -0.222222                           0 
    92 r.95         NU             0                           0         < eps
    93 r.96         B              0                           0 
    94 r.97         B              0                           0 
    95 r.98         B              0                           0 
    96 r.99         B              0                           0 
    97 r.100        B      -0.277778                           0 
    98 r.101        B              0                           0 
    99 r.102        NU             0                           0         < eps
   100 r.103        NU             0                           0         < eps
   101 r.104        B      -0.555556                           0 
   102 r.105        B      -0.555556                           0 
   103 r.106        B      -0.555556                           0 
   104 r.107        B      -0.555556                           0 
   105 r.108        NU             0                           0     0.0833333 
   106 r.109        B              0                           0 
   107 r.110        B              0                           0 
   108 r.111        B              0                           0 
   109 r.112        B              0                           0 
   110 r.113        NU             0                           0         < eps
   111 r.114        B              0                           0 
   112 r.115        B              0                           0 
   113 r.116        NU             0                           0         < eps
   114 r.117        B              0                           0 
   115 r.118        B              0                           0 
   116 r.119        B              0                           0 
   117 r.120        B              0                           0 
   118 r.121        B              0                           0 
   119 r.122        NU             0                           0         < eps
   120 r.123        B             -2                           0 
   121 r.124        NU             0                           0         < eps
   122 r.125        B              0                           0 
   123 r.126        B       -1.16667                           0 
   124 r.127        B           -0.5                           0 
   125 r.128        NU             0                           0     0.0833333 
   126 r.129        NU             0                           0         < eps
   127 r.130        NU             0                           0         < eps
   128 r.131        B              0                           0 
   129 r.132        B      -0.555556                           0 
   130 r.133        B      -0.555556                           0 
   131 r.134        B      -0.555556                           0 
   132 r.135        B      -0.555556                           0 
   133 r.136        B              0                           0 
   134 r.137        B              0                           0 
   135 r.138        B              0                           0 
   136 r.139        B              0                           0 
   137 r.140        B              0                           0 
   138 r.141        B              0                           0 
   139 r.142        B              0                           0 
   140 r.143        B              0                           0 
   141 r.144        NU             0                           0         < eps
   142 r.145        B              0                           0 
   143 r.146        B              0                           0 
   144 r.147        B              0                           0 
   145 r.148        NU             0                           0         < eps
   146 r.149        B              0                           0 
   147 r.150        B              0                           0 
   148 r.151        NU             0                           0         < eps
   149 r.152        B      -0.333333                           0 
   150 r.153        B              0                           0 
   151 r.154        NU             0                           0         < eps
   152 r.155        NU             0                           0         < eps
   153 r.156        B              0                           0 
   154 r.157        B              0                           0 
   155 r.158        B              0                           0 
   156 r.159        B              0                           0 
   157 r.160        B              0                           0 
   158 r.161        B              0                           0 
   159 r.162        B              0                           0 
   160 r.163        B              0                           0 
   161 r.164        B              0                           0 
   162 r.165        B              0                           0 
   163 r.166        B       -1.33333                           0 
   164 r.167        B       -1.33333                           0 
   165 r.168        B       -1.33333                           0 
   166 r.169        B       -1.33333                           0 
   167 r.170        B       -1.33333                           0 
   168 r.171        B      -0.444444                           0 
   169 r.172        B      -0.444444                           0 
   170 r.173        B      -0.444444                           0 
   171 r.174        B      -0.444444                           0 
   172 r.175        B      -0.444444                           0 
   173 r.176        B      -0.277778                           0 
   174 r.177        B              0                           0 
   175 r.178        B              0                           0 
   176 r.179        NS             0             0             =          0.25 
   177 r.180        B      -0.833333                           0 
   178 r.181        NU             0                           0     0.0833333 
   179 r.182        NU             0                           0     0.0833333 
   180 r.183        NU             0                           0     0.0833333 
   181 r.184        NU             0                           0         < eps
   182 r.185        B              0             0             = 
   183 r.186        NU             0                           0         < eps
   184 r.187        NU             0                           0         < eps
   185 r.188        NU             0                           0         < eps
   186 r.189        B              0                           0 
   187 r.190        B              0                           0 
   188 r.191        B              0                           0 
   189 r.192        B              0                           0 
   190 r.193        NU             0                           0          0.25 
   191 r.194        B              0                           0 
   192 r.195        B              0                           0 
   193 r.196        B              0                           0 
   194 r.197        B              0                           0 
   195 r.198        NU             0                           0         < eps
   196 r.199        B              0                           0 
   197 r.200        B              0                           0 
   198 r.201        B              0                           0 
   199 r.202        B              0                           0 
   200 r.203        B      -0.111111                           0 
   201 r.204        B      -0.111111                           0 
   202 r.205        B      -0.111111                           0 
   203 r.206        B      -0.111111                           0 
   204 r.207        B      -0.111111                           0 
   205 r.208        B              0                           0 
   206 r.209        B              0                           0 
   207 r.210        B              0                           0 
   208 r.211        B              0                           0 
   209 r.212        B              0                           0 
   210 r.213        B              0                           0 
   211 r.214        B              0                           0 
   212 r.215        B              0                           0 
   213 r.216        B              0                           0 
   214 r.217        B              0                           0 
   215 r.218        B       -1.55556                           0 
   216 r.219        B       -1.55556                           0 
   217 r.220        B       -1.55556                           0 
   218 r.221        B       -1.55556                           0 
   219 r.222        B       -1.55556                           0 
   220 r.223        B      -0.222222                           0 
   221 r.224        B      -0.222222                           0 
   222 r.225        B      -0.222222                           0 
   223 r.226        B      -0.222222                           0 
   224 r.227        B      -0.222222                           0 
   225 r.228        B           -0.5                           0 
   226 r.229        B              0                           0 
   227 r.230        NU             0                           0         < eps
   228 r.231        B           -0.5                           0 
   229 r.232        B      -0.277778                           0 
   230 r.233        B      -0.277778                           0 
   231 r.234        B      -0.277778                           0 
   232 r.235        B      -0.277778                           0 
   233 r.236        B              0                           0 
   234 r.237        B              0                           0 
   235 r.238        B              0                           0 
   236 r.239        B              0                           0 
   237 r.240        B              0                           0 
   238 r.241        B              0                           0 
   239 r.242        B              0                           0 
   240 r.243        B              0                           0 
   241 r.244        B       -1.72222                           0 
   242 r.245        B       -1.72222                           0 
   243 r.246        B       -1.72222                           0 
   244 r.247        B       -1.72222                           0 
   245 r.248        NU             0                           0         < eps
   246 r.249        B              0                           0 
   247 r.250        B              0                           0 
   248 r.251        B              0                           0 
   249 r.252        B              0                           0 
   250 r.253        NU             0                           0         < eps
   251 r.254        B              0                           0 
   252 r.255        B              0                           0 
   253 r.256        B              0                           0 
   254 r.257        B              0                           0 
   255 r.258        B      -0.777778                           0 
   256 r.259        B      -0.777778                           0 
   257 r.260        B      -0.777778                           0 
   258 r.261        B      -0.777778                           0 
   259 r.262        B      -0.777778                           0 
   260 r.263        B       -1.22222                           0 
   261 r.264        B       -1.22222                           0 
   262 r.265        B       -1.22222                           0 
   263 r.266        B       -1.22222                           0 
   264 r.267        B       -1.22222                           0 
   265 r.268        B              0                           0 
   266 r.269        B              0                           0 
   267 r.270        B              0                           0 
   268 r.271        B              0                           0 
   269 r.272        B              0                           0 
   270 r.273        B              0                           0 
   271 r.274        B              0                           0 
   272 r.275        B              0                           0 
   273 r.276        B              0                           0 
   274 r.277        B              0                           0 
   275 r.278        B             -1                           0 
   276 r.279        B             -1                           0 
   277 r.280        B             -1                           0 
   278 r.281        B             -1                           0 
   279 r.282        B             -1                           0 
   280 r.283        B             -1                           0 
   281 r.284        B             -1                           0 
   282 r.285        B             -1                           0 
   283 r.286        B             -1                           0 
   284 r.287        B             -1                           0 
   285 r.288        NU             0                           0         < eps
   286 r.289        B              0                           0 
   287 r.290        B              0                           0 
   288 r.291        B              0                           0 
   289 r.292        NU             0                           0         < eps
   290 r.293        B              0                           0 
   291 r.294        B              0                           0 
   292 r.295        B              0                           0 
   293 r.296        NU             0                           0         < eps
   294 r.297        B              0                           0 
   295 r.298        B              0                           0 
   296 r.299        B              0                           0 
   297 r.300        NU             0                           0          0.25 
   298 r.301        B              0                           0 
   299 r.302        B              0                           0 
   300 r.303        B              0                           0 
   301 r.304        B      -0.277778                           0 
   302 r.305        B              0                           0 
   303 r.306        B      -0.388889                           0 
   304 r.307        B       -1.33333                           0 
   305 r.308        NU             0                           0     0.0833333 
   306 r.309        NU             0                           0     0.0833333 
   307 r.310        NU             0                           0     0.0833333 
   308 r.311        NU             0                           0     0.0833333 
   309 r.312        B              0                           0 
   310 r.313        NU             0                           0     0.0833333 
   311 r.314        B      -0.388889                           0 
   312 r.315        B       -1.22222                           0 
   313 r.316        B      -0.277778                           0 
   314 r.317        B              0                           0 
   315 r.318        B              0                           0 
   316 r.319        B       -1.72222                           0 
   317 r.320        NU             0                           0     0.0833333 
   318 r.321        B              0                           0 
   319 r.322        B              0                           0 
   320 r.323        B              0                           0 
   321 r.324        B              0                           0 
   322 r.325        NU             0                           0     0.0333333 
   323 r.326        B              0                           0 
   324 r.327        B              0                           0 
   325 r.328        B              0                           0 
   326 r.329        B              0                           0 
   327 r.330        NU             0                           0         < eps
   328 r.331        B              0                           0 
   329 r.332        B              0                           0 
   330 r.333        B              0                           0 
   331 r.334        B              0                           0 
   332 r.335        B      -0.222222                           0 
   333 r.336        B      -0.222222                           0 
   334 r.337        B      -0.222222                           0 
   335 r.338        B      -0.222222                           0 
   336 r.339        B      -0.222222                           0 
   337 r.340        NU             0                           0         < eps
   338 r.341        NU             0                           0         < eps
   339 r.342        NU             0                           0          0.25 
   340 r.343        NU             0                           0         < eps
   341 r.344        B      -0.277778                           0 
   342 r.345        NU             0                           0         < eps
   343 r.346        NU             0                           0         < eps
   344 r.347        B              0             0             = 
   345 r.348        B              0             0             = 
   346 r.349        B              0                           0 
   347 r.350        NU             0                           0     0.0833333 
   348 r.351        NU             0                           0     0.0833333 
   349 r.352        NU             0                           0         < eps
   350 r.353        B              0                           0 
   351 r.354        NU             0                           0         < eps
   352 r.355        NU             0                           0          0.25 
   353 r.356        NU             0                           0         < eps
   354 r.357        B              0                           0 
   355 r.358        NU             0                           0         < eps
   356 r.359        B             -2                           0 
   357 r.360        NU             0                           0     0.0833333 
   358 r.361        NU             0                           0     0.0833333 
   359 r.362        NU             0                           0     0.0833333 
   360 r.363        NU             0                           0     0.0833333 
   361 r.364        NU             0                           0     0.0833333 
   362 r.365        B              0                           0 
   363 r.366        B              0                           0 
   364 r.367        B              0                           0 
   365 r.368        NU             0                           0         < eps
   366 r.369        B              0                           0 
   367 r.370        B              0                           0 
   368 r.371        B              0                           0 
   369 r.372        B              0                           0 
   370 r.373        B              0                           0 
   371 r.374        B              0                           0 
   372 r.375        B              0                           0 
   373 r.376        B       -1.44444                           0 
   374 r.377        B       -1.44444                           0 
   375 r.378        B       -1.44444                           0 
   376 r.379        B       -1.44444                           0 
   377 r.380        NU             0                           0      0.166667 
   378 r.381        NU             0                           0      0.166667 
   379 r.382        NU             0                           0      0.166667 
   380 r.383        NU             0                           0      0.166667 
   381 r.384        NU             0                           0      0.166667 
   382 r.385        NU             0                           0      0.166667 
   383 r.386        NU             0                           0      0.166667 
   384 r.387        NU             0                           0      0.166667 
   385 r.388        B              0                           0 
   386 r.389        B              0                           0 
   387 r.390        B              0                           0 
   388 r.391        B              0                           0 
   389 r.392        B              0                           0 
   390 r.393        NU             0                           0      0.116667 
   391 r.394        B              0                           0 
   392 r.395        B              0                           0 
   393 r.396        B              0                           0 
   394 r.397        B              0                           0 
   395 r.398        B       -1.55556                           0 
   396 r.399        B       -1.55556                           0 
   397 r.400        B       -1.55556                           0 
   398 r.401        B       -1.55556                           0 
   399 r.402        B       -1.55556                           0 
   400 r.403        B      -0.444444                           0 
   401 r.404        B      -0.444444                           0 
   402 r.405        B      -0.444444                           0 
   403 r.406        B      -0.444444                           0 
   404 r.407        B      -0.444444                           0 
   405 r.408        NU             0                           0         < eps
   406 r.409        NU             0                           0         < eps
   407 r.410        NU             0                           0         < eps
   408 r.411        NU             0                           0         < eps
   409 r.412        NU             0                           0      0.166667 
   410 r.413        NU             0                           0      0.166667 
   411 r.414        NU             0                           0      0.166667 
   412 r.415        NU             0                           0      0.166667 
   413 r.416        NU             0                           0     0.0833333 
   414 r.417        B              0                           0 
   415 r.418        B       -1.77778                           0 
   416 r.419        B      -0.222222                           0 
   417 r.420        B              0                           0 
   418 r.421        B              0                           0 
   419 r.422        B      -0.222222                           0 
   420 r.423        B       -1.77778                           0 
   421 r.424        B      -0.833333                           0 
   422 r.425        B              0                           0 
   423 r.426        B      -0.388889                           0 
   424 r.427        B      -0.777778                           0 
   425 r.428        B              0                           0 
   426 r.429        B              0                           0 
   427 r.430        B              0                           0 
   428 r.431        B              0                           0 
   429 r.432        B              0                           0 
   430 r.433        B              0                           0 
   431 r.434        B              0                           0 
   432 r.435        B              0                           0 
   433 r.436        B              0                           0 
   434 r.437        B              0                           0 
   435 r.438        B             -1                           0 
   436 r.439        B             -1                           0 
   437 r.440        B             -1                           0 
   438 r.441        B             -1                           0 
   439 r.442        B             -1                           0 
   440 r.443        NU             0                           0         < eps
   441 r.444        B              0                           0 
   442 r.445        B              0                           0 
   443 r.446        B              0                           0 
   444 r.447        B              0                           0 
   445 r.448        B              0                           0 
   446 r.449        B              0                           0 
   447 r.450        B              0                           0 
   448 r.451        B             -2                           0 
   449 r.452        B              0             0             = 
   450 r.453        B              0                           0 
   451 r.454        B      -0.944444                           0 
   452 r.455        B      -0.222222                           0 
   453 r.456        NU             0                           0     0.0833333 
   454 r.457        B              0                           0 
   455 r.458        B              0                           0 
   456 r.459        B              0                           0 
   457 r.460        B              0                           0 
   458 r.461        B              0                           0 
   459 r.462        B              0                           0 
   460 r.463        B              0                           0 
   461 r.464        B              0                           0 
   462 r.465        B              0                           0 
   463 r.466        B      -0.388889                           0 
   464 r.467        B      -0.388889                           0 
   465 r.468        B      -0.388889                           0 
   466 r.469        B      -0.388889                           0 
   467 r.470        B      -0.388889                           0 
   468 r.471        NU             0                           0          0.25 
   469 r.472        B              0                           0 
   470 r.473        B              0                           0 
   471 r.474        B              0                           0 
   472 r.475        B              0                           0 
   473 r.476        NU             0                           0     0.0833333 
   474 r.477        B              0                           0 
   475 r.478        B              0                           0 
   476 r.479        B              0                           0 
   477 r.480        B              0                           0 
   478 r.481        NU             0                           0     0.0333333 
   479 r.482        B              0                           0 
   480 r.483        B              0                           0 
   481 r.484        B              0                           0 
   482 r.485        B              0                           0 
   483 r.486        B      -0.555556                           0 
   484 r.487        B      -0.555556                           0 
   485 r.488        B      -0.555556                           0 
   486 r.489        B      -0.555556                           0 
   487 r.490        B      -0.555556                           0 
   488 r.491        B      -0.444444                           0 
   489 r.492        B      -0.444444                           0 
   490 r.493        B      -0.444444                           0 
   491 r.494        B      -0.444444                           0 
   492 r.495        B      -0.444444                           0 
   493 r.496        B              0                           0 
   494 r.497        NU             0                           0         < eps
   495 r.498        B              0                           0 
   496 r.499        NU             0                           0         < eps
   497 r.500        B           -0.5                           0 
   498 r.501        NU             0                           0         < eps
   499 r.502        NS             0             0             =          0.25 
   500 r.503        B           -0.5                           0 
   501 r.504        NU             0                           0      0.166667 
   502 r.505        NU             0                           0      0.166667 
   503 r.506        NU             0                           0      0.166667 
   504 r.507        NU             0                           0      0.166667 
   505 r.508        B              0                           0 
   506 r.509        B              0                           0 
   507 r.510        B       -1.77778                           0 
   508 r.511        NU             0                           0     0.0833333 
   509 r.512        NU             0                           0     0.0833333 
   510 r.513        B              0                           0 
   511 r.514        B              0                           0 
   512 r.515        B              0                           0 
   513 r.516        B              0                           0 
   514 r.517        NU             0                           0         < eps
   515 r.518        B              0                           0 
   516 r.519        B              0                           0 
   517 r.520        B              0                           0 
   518 r.521        B              0                           0 
   519 r.522        NU             0                           0      0.166667 
   520 r.523        B              0                           0 
   521 r.524        B              0                           0 
   522 r.525        B              0                           0 
   523 r.526        B              0                           0 
   524 r.527        B      -0.222222                           0 
   525 r.528        B      -0.222222                           0 
   526 r.529        B      -0.222222                           0 
   527 r.530        B      -0.222222                           0 
   528 r.531        B      -0.222222                           0 
   529 r.532        NU             0                           0         < eps
   530 r.533        B              0                           0 
   531 r.534        NU             0                           0         < eps
   532 r.535        NU             0                           0         < eps
   533 r.536        NU             0                           0     0.0833333 
   534 r.537        B              0                           0 
   535 r.538        B              0                           0 
   536 r.539        B              0                           0 
   537 r.540        B              0                           0 
   538 r.541        B              0                           0 
   539 r.542        B              0                           0 
   540 r.543        B              0                           0 
   541 r.544        B      -0.777778                           0 
   542 r.545        B      -0.777778                           0 
   543 r.546        B      -0.777778                           0 
   544 r.547        B      -0.777778                           0 
   545 r.548        B      -0.944444                           0 
   546 r.549        B      -0.944444                           0 
   547 r.550        B      -0.944444                           0 
   548 r.551        B      -0.944444                           0 
   549 r.552        B      -0.277778                           0 
   550 r.553        B      -0.277778                           0 
   551 r.554        B      -0.277778                           0 
   552 r.555        B      -0.277778                           0 
   553 r.556        NU             0                           0     0.0833333 
   554 r.557        B              0                           0 
   555 r.558        B              0                           0 
   556 r.559        B              0                           0 
   557 r.560        B              0                           0 
   558 r.561        B              0                           0 
   559 r.562        B              0                           0 
   560 r.563        B              0                           0 
   561 r.564        B       -1.72222                           0 
   562 r.565        B       -1.72222                           0 
   563 r.566        B       -1.72222                           0 
   564 r.567        B       -1.72222                           0 
   565 r.568        NU             0                           0     0.0833333 
   566 r.569        NU             0                           0     0.0833333 
   567 r.570        NU             0                           0     0.0833333 
   568 r.571        NU             0                           0     0.0833333 
   569 r.572        B              0                           0 
   570 r.573        B              0                           0 
   571 r.574        B              0                           0 
   572 r.575        B             -2                           0 
   573 r.576        B              0                           0 
   574 r.577        B              0                           0 
   575 r.578        B              0                           0 
   576 r.579        B             -2                           0 
   577 r.580        NU             0                           0     0.0833333 
   578 r.581        NU             0                           0     0.0833333 
   579 r.582        NU             0                           0     0.0833333 
   580 r.583        NU             0                           0     0.0833333 
   581 r.584        B              0                           0 
   582 r.585        B              0                           0 
   583 r.586        B              0                           0 
   584 r.587        B              0                           0 
   585 r.588        B              0                           0 
   586 r.589        B              0                           0 
   587 r.590        B              0                           0 
   588 r.591        B              0                           0 
   589 r.592        B              0                           0 
   590 r.593        B              0                           0 
   591 r.594        NU             0                           0      0.166667 
   592 r.595        B              0                           0 
   593 r.596        B              0                           0 
   594 r.597        B              0                           0 
   595 r.598        B              0                           0 
   596 r.599        B      -0.444444                           0 
   597 r.600        B      -0.444444                           0 
   598 r.601        B      -0.444444                           0 
   599 r.602        B      -0.444444                           0 
   600 r.603        B      -0.444444                           0 
   601 r.604        B      -0.333333                           0 
   602 r.605        NU             0                           0         < eps
   603 r.606        NU             0                           0         < eps
   604 r.607        NU             0                           0         < eps
   605 r.608        NU             0                           0     0.0833333 
   606 r.609        NU             0                           0     0.0833333 
   607 r.610        B       -1.16667                           0 
   608 r.611        B              0                           0 
   609 r.612        B              0                           0 
   610 r.613        B              0                           0 
   611 r.614        B              0                           0 
   612 r.615        B              0                           0 
   613 r.616        B              0                           0 
   614 r.617        NU             0                           0     0.0333333 
   615 r.618        B              0                           0 
   616 r.619        B              0                           0 
   617 r.620        B              0                           0 
   618 r.621        B              0                           0 
   619 r.622        B       -1.55556                           0 
   620 r.623        B       -1.55556                           0 
   621 r.624        B       -1.55556                           0 
   622 r.625        B       -1.55556                           0 
   623 r.626        B       -1.55556                           0 
   624 r.627        NU             0                           0     0.0833333 
   625 r.628        B              0                           0 
   626 r.629        B              0                           0 
   627 r.630        B              0                           0 
   628 r.631        B              0                           0 
   629 r.632        B      -0.833333                           0 
   630 r.633        B              0                           0 
   631 r.634        NU             0                           0     0.0833333 
   632 r.635        NU             0                           0     0.0833333 
   633 r.636        NU             0                           0     0.0833333 
   634 r.637        NU             0                           0     0.0833333 
   635 r.638        NU             0                           0     0.0833333 
   636 r.639        NU             0                           0     0.0833333 
   637 r.640        B              0                           0 
   638 r.641        B              0                           0 
   639 r.642        B              0                           0 
   640 r.643        B              0                           0 
   641 r.644        B              0                           0 
   642 r.645        B              0                           0 
   643 r.646        B              0                           0 
   644 r.647        B              0                           0 
   645 r.648        B              0                           0 
   646 r.649        B              0                           0 
   647 r.650        B              0                           0 
   648 r.651        B              0                           0 
   649 r.652        B       -1.44444                           0 
   650 r.653        B       -1.44444                           0 
   651 r.654        B       -1.44444                           0 
   652 r.655        B       -1.44444                           0 
   653 r.656        NU             0                           0         < eps
   654 r.657        B              0                           0 
   655 r.658        B              0             0             = 
   656 r.659        NU             0                           0         < eps
   657 r.660        NS             1             1             =           0.5 
   658 r.661        B              1             1             = 
   659 r.662        B              1             1             = 
   660 r.663        B              1             1             = 
   661 r.664        B              1             1             = 
   662 r.665        B              1             1             = 
   663 r.666        B              1             1             = 
   664 r.667        B              1             1             = 
   665 r.668        B              1             1             = 
   666 r.669        B              1             1             = 
   667 r.670        B              1             1             = 
   668 r.671        B              1             1             = 
   669 r.672        B              1             1             = 
   670 r.673        B              1             1             = 
   671 r.674        B              1             1             = 
   672 r.675        B              1             1             = 
   673 r.676        B              1             1             = 
   674 r.677        B              1             1             = 
   675 r.678        B              1             1             = 
   676 r.679        B              1             1             = 
   677 r.680        B              1             1             = 
   678 r.681        B              1             1             = 
   679 r.682        B              1             1             = 
   680 r.683        B              1             1             = 
   681 r.684        B              1             1             = 
   682 r.685        NS             1             1             =          0.25 
   683 r.686        B              1             1             = 
   684 r.687        B              1             1             = 
   685 r.688        B              1             1             = 
   686 r.689        B              1             1             = 
   687 r.690        B              1             1             = 
   688 r.691        B              1             1             = 
   689 r.692        B              1             1             = 
   690 r.693        B              1             1             = 
   691 r.694        B              1             1             = 
   692 r.695        B              1             1             = 
   693 r.696        B              1             1             = 
   694 r.697        B              1             1             = 
   695 r.698        B              1             1             = 
   696 r.699        B              1             1             = 
   697 r.700        B              1             1             = 
   698 r.701        NS             1             1             =          0.25 
   699 r.702        NS             1             1             =      0.166667 
   700 r.703        NS             1             1             =     0.0833333 
   701 r.704        NS             1             1             =         < eps
   702 r.705        NS             1             1             =      0.166667 
   703 r.706        NS             1             1             =      0.166667 
   704 r.707        NS             1             1             =     0.0833333 
   705 r.708        NS             1             1             =         < eps
   706 r.709        NS             1             1             =         < eps
   707 r.710        NS             1             1             =         < eps
   708 r.711        NS             1             1             =         < eps
   709 r.712        NS             1             1             =     0.0833333 
   710 r.713        NS             1             1             =     0.0833333 
   711 r.714        NS             1             1             =         < eps
   712 r.715        NS             1             1             =         < eps
   713 r.716        NS             1             1             =          0.25 
   714 r.717        NS             1             1             =          0.25 
   715 r.718        NS             1             1             =     0.0833333 
   716 r.719        NS             1             1             =     0.0833333 
   717 r.720        NS             1             1             =     0.0833333 

   No. Column name  St   Activity     Lower bound   Upper bound    Marginal
------ ------------ -- ------------- ------------- ------------- -------------
     1 V(0,27)      B       0.833333                             
     2 V(0,10)      B              0                             
     3 V(0,15)      B        3.33333                             
     4 V(0,18)      B        6.16667                             
     5 V(11,27)     B       0.833333                             
     6 F(S0,27)     B              0             0               
     7 F(S0,10)     B              0             0               
     8 F(S0,15)     B       0.777778             0               
     9 F(S0,18)     B       0.222222             0               
    10 V(16,27)     B       0.833333                             
    11 V(11,10)     B              0                             
    12 V(16,10)     B              0                             
    13 V(11,15)     B        3.33333                             
    14 V(16,15)     B        2.55556                             
    15 V(11,18)     B        2.16667                             
    16 V(16,18)     B        1.94444                             
    17 V(7,27)      B       0.333333                             
    18 F(7,27)      NL             0             0                       < eps
    19 F(7,10)      B              0             0               
    20 F(7,15)      B              1             0               
    21 F(7,18)      NL             0             0                       < eps
    22 V(3,27)      B       0.333333                             
    23 V(7,10)      NF             0                                     < eps
    24 V(3,10)      B              0                             
    25 V(7,15)      B              1                             
    26 V(3,15)      B        1.16667                             
    27 V(7,18)      B        1.66667                             
    28 V(3,18)      B        2.16667                             
    29 V(27,27)     B              0                             
    30 V(27,10)     B              0                             
    31 F(27,27)     NL             0             0                  -0.0833333 
    32 F(27,10)     NL             0             0                       < eps
    33 F(27,15)     B       0.777778             0               
    34 F(27,18)     B       0.222222             0               
    35 V(26,10)     B              0                             
    36 V(27,15)     B        2.94444                             
    37 V(26,15)     B        2.16667                             
    38 V(27,18)     B        2.38889                             
    39 V(26,18)     B        2.16667                             
    40 V(10,27)     B       0.833333                             
    41 F(10,27)     B       0.277778             0               
    42 F(10,10)     NL             0             0                       < eps
    43 F(10,15)     B       0.388889             0               
    44 F(10,18)     B       0.333333             0               
    45 V(10,10)     B              0                             
    46 V(10,15)     B        2.55556                             
    47 V(10,18)     B        2.05556                             
    48 V(26,27)     B       0.277778                             
    49 F(S1,27)     B       0.277778             0               
    50 F(S1,10)     B              0             0               
    51 F(S1,15)     B              0             0               
    52 F(S1,18)     B       0.722222             0               
    53 V(24,27)     B       0.555556                             
    54 V(24,10)     B              0                             
    55 V(24,15)     B        2.16667                             
    56 V(24,18)     B        1.44444                             
    57 V(5,27)      B       0.833333                             
    58 F(5,27)      B              0             0               
    59 F(5,10)      B              0             0               
    60 F(5,15)      NL             0             0                       < eps
    61 F(5,18)      B              1             0               
    62 V(6,27)      B       0.833333                             
    63 V(5,10)      B              0                             
    64 V(6,10)      B              0                             
    65 V(5,15)      B        3.33333                             
    66 V(6,15)      B        3.33333                             
    67 V(5,18)      B        3.16667                             
    68 V(6,18)      B        4.16667                             
    69 V(9,27)      B       0.833333                             
    70 F(9,27)      B       0.277778             0               
    71 F(9,10)      NL             0             0                       < eps
    72 F(9,15)      B              0             0               
    73 F(9,18)      B       0.722222             0               
    74 V(8,27)      B       0.555556                             
    75 V(9,10)      B              0                             
    76 V(8,10)      NF             0                                     < eps
    77 V(9,15)      B        2.16667                             
    78 V(8,15)      B        2.16667                             
    79 V(9,18)      B       0.722222                             
    80 V(8,18)      B        1.72222                             
    81 V(25,27)     B       0.833333                             
    82 F(25,27)     B       0.833333             0               
    83 F(25,10)     B              0             0               
    84 F(25,15)     B       0.166667             0               
    85 F(25,18)     B              0             0               
    86 V(28,27)     B              0                             
    87 V(25,10)     B              0                             
    88 V(28,10)     B              0                             
    89 V(25,15)     B        1.16667                             
    90 V(28,15)     B        2.16667                             
    91 V(25,18)     B        2.16667                             
    92 V(28,18)     B        2.16667                             
    93 V(17,27)     B       0.833333                             
    94 V(20,27)     B       0.833333                             
    95 V(17,10)     B              0                             
    96 V(20,10)     B              0                             
    97 V(17,15)     B        2.33333                             
    98 V(20,15)     B        1.77778                             
    99 V(17,18)     B        2.38889                             
   100 V(20,18)     B        2.16667                             
   101 F(8,27)      NL             0             0                       < eps
   102 F(8,10)      NL             0             0                       < eps
   103 F(8,15)      NL             0             0                       < eps
   104 F(8,18)      B              1             0               
   105 V(21,27)     B       0.833333                             
   106 V(21,10)     B              0                             
   107 V(21,15)     B        2.16667                             
   108 V(21,18)     B       0.722222                             
   109 F(6,27)      B              0             0               
   110 F(6,10)      NL             0             0                       < eps
   111 F(6,15)      B              0             0               
   112 F(6,18)      B              1             0               
   113 V(2,27)      B       0.833333                             
   114 V(2,10)      B              0                             
   115 V(2,15)      B        3.33333                             
   116 V(2,18)      B        5.16667                             
   117 F(3,27)      B       0.333333             0               
   118 F(3,10)      NL             0             0                       < eps
   119 F(3,15)      B       0.166667             0               
   120 F(3,18)      B            0.5             0               
   121 V(19,27)     B       0.833333                             
   122 F(19,27)     NL             0             0                   -0.166667 
   123 F(19,10)     NL             0             0                   -0.166667 
   124 F(19,15)     NL             0             0                       -0.25 
   125 F(19,18)     B              1             0               
   126 V(22,27)     B       0.833333                             
   127 V(19,10)     B              0                             
   128 V(22,10)     B              0                             
   129 V(19,15)     B        2.16667                             
   130 V(22,15)     B        2.16667                             
   131 V(19,18)     B        1.72222                             
   132 V(22,18)     B       0.722222                             
   133 V(18,27)     B       0.555556                             
   134 V(18,10)     B              0                             
   135 V(18,15)     B        2.16667                             
   136 V(18,18)     B              0                             
   137 F(18,27)     NL             0             0                       < eps
   138 F(18,10)     B              0             0               
   139 F(18,15)     B              0             0               
   140 F(18,18)     B              1             0               
   141 V(23,27)     B       0.833333                             
   142 V(23,10)     B              0                             
   143 V(23,15)     B              1                             
   144 V(23,18)     B        2.16667                             
   145 V(12,27)     B       0.833333                             
   146 V(12,10)     B              0                             
   147 V(12,15)     B        3.11111                             
   148 V(12,18)     B        2.38889                             
   149 V(15,27)     B       0.833333                             
   150 V(15,10)     B              0                             
   151 V(15,15)     B              0                             
   152 V(15,18)     B        2.16667                             
   153 V(13,27)     B       0.833333                             
   154 V(13,10)     B              0                             
   155 V(13,15)     B        3.33333                             
   156 V(13,18)     B        3.16667                             
   157 V(14,27)     B       0.833333                             
   158 F(14,27)     B       0.833333             0               
   159 F(14,10)     B              0             0               
   160 F(14,15)     B       0.166667             0               
   161 F(14,18)     NL             0             0                       < eps
   162 V(14,10)     B              0                             
   163 V(14,15)     B        3.11111                             
   164 V(14,18)     B        2.38889                             
   165 F(23,27)     NL             0             0                   -0.166667 
   166 F(23,10)     NL             0             0                   -0.166667 
   167 F(23,15)     B              1             0               
   168 F(23,18)     NL             0             0                   -0.166667 
   169 V(4,27)      B       0.833333                             
   170 V(4,10)      B              0                             
   171 V(4,15)      B        3.33333                             
   172 V(4,18)      B        4.16667                             
   173 F(2,27)      NL             0             0                       < eps
   174 F(2,10)      NL             0             0                       < eps
   175 F(2,15)      NL             0             0                       < eps
   176 F(2,18)      B              1             0               
   177 F(4,27)      NL             0             0                       < eps
   178 F(4,10)      B              0             0               
   179 F(4,15)      B              0             0               
   180 F(4,18)      B              1             0               
   181 F(13,27)     B              0             0               
   182 F(13,10)     B              0             0               
   183 F(13,15)     B       0.222222             0               
   184 F(13,18)     B       0.777778             0               
   185 V(1,27)      B       0.833333                             
   186 F(1,27)      NL             0             0                       < eps
   187 F(1,10)      NL             0             0                       < eps
   188 F(1,15)      NL             0             0                       < eps
   189 F(1,18)      B              1             0               
   190 V(1,10)      B              0                             
   191 V(1,15)      B        3.33333                             
   192 V(1,18)      B        5.16667                             
   193 F(28,27)     NL             0             0                       < eps
   194 F(28,10)     NL             0             0                  -0.0833333 
   195 F(28,15)     B              1             0               
   196 F(28,18)     NL             0             0                       < eps
   197 F(15,27)     B            0.5             0               
   198 F(15,10)     B              0             0               
   199 F(15,15)     NL             0             0                       < eps
   200 F(15,18)     B            0.5             0               
   201 F(0,27)      NL             0             0                       < eps
   202 F(0,10)      NL             0             0                       < eps
   203 F(0,15)      NL             0             0                       < eps
   204 F(0,18)      B              1             0               
   205 F(17,18)     NL             0             0                       < eps
   206 F(21,27)     NL             0             0                       < eps
   207 F(26,27)     NL             0             0                       < eps
   208 F(22,18)     NL             0             0                       < eps
   209 F(16,10)     NL             0             0                       < eps
   210 F(24,27)     NL             0             0                       < eps
   211 F(20,10)     NL             0             0                       < eps
   212 F(12,18)     NL             0             0                       < eps
   213 F(21,10)     NL             0             0                       < eps
   214 F(16,18)     NL             0             0                       < eps
   215 F(12,10)     NL             0             0                       < eps
   216 F(20,27)     NL             0             0                       < eps
   217 F(11,18)     NL             0             0                       < eps
   218 F(24,10)     NL             0             0                       < eps
   219 F(26,10)     NL             0             0                       < eps
   220 F(20,18)     NL             0             0                       < eps
   221 F(24,18)     NL             0             0                       < eps
   222 F(26,18)     NL             0             0                       < eps
   223 F(22,27)     NL             0             0                       < eps
   224 F(11,27)     NL             0             0                       < eps
   225 F(11,10)     NL             0             0                       < eps
   226 F(22,10)     NL             0             0                       < eps
   227 F(16,15)     NL             0             0                       < eps
   228 F(17,27)     NL             0             0                       < eps
   229 F(20,15)     NL             0             0                       < eps
   230 F(16,27)     NL             0             0                       < eps
   231 F(12,27)     NL             0             0                       < eps
   232 F(26,15)     NL             0             0                       < eps
   233 F(24,15)     NL             0             0                       < eps
   234 F(17,10)     NL             0             0                       < eps
   235 F(17,15)     NL             0             0                       < eps
   236 F(21,18)     NL             0             0                       < eps
   237 F(12,15)     NL             0             0                       < eps
   238 F(11,15)     NL             0             0                       < eps
   239 F(21,15)     NL             0             0                       < eps
   240 F(22,15)     NL             0             0                       < eps

Karush-Kuhn-Tucker optimality conditions:

KKT.PE: max.abs.err = 3.11e-15 on row 440
        max.rel.err = 7.08e-16 on row 405
        High quality

KKT.PB: max.abs.err = 3.11e-15 on row 441
        max.rel.err = 3.11e-15 on row 441
        High quality

KKT.DE: max.abs.err = 4.44e-16 on column 9
        max.rel.err = 2.36e-16 on column 72
        High quality

KKT.DB: max.abs.err = 1.32e-15 on row 353
        max.rel.err = 1.32e-15 on row 353
        High quality

End of output
