This is pdfTeX, Version 3.14159265-2.6-1.40.17 (TeX Live 2016) (preloaded format=pdflatex 2016.5.22)  6 MAY 2018 03:50
entering extended mode
 restricted \write18 enabled.
 %&-line parsing enabled.
**main.tex
(./main.tex
LaTeX2e <2016/03/31>
Babel <3.9r> and hyphenation patterns for 83 language(s) loaded.
(/usr/local/texlive/2016/texmf-dist/tex/latex/base/report.cls
Document Class: report 2014/09/29 v1.4h Standard LaTeX document class
(/usr/local/texlive/2016/texmf-dist/tex/latex/base/size11.clo
File: size11.clo 2014/09/29 v1.4h Standard LaTeX file (size option)
)
\c@part=\count79
\c@chapter=\count80
\c@section=\count81
\c@subsection=\count82
\c@subsubsection=\count83
\c@paragraph=\count84
\c@subparagraph=\count85
\c@figure=\count86
\c@table=\count87
\abovecaptionskip=\skip41
\belowcaptionskip=\skip42
\bibindent=\dimen102
)
(/usr/local/texlive/2016/texmf-dist/tex/latex/amsmath/amsmath.sty
Package: amsmath 2016/03/10 v2.15b AMS math features
\@mathmargin=\skip43

For additional information on amsmath, use the `?' option.
(/usr/local/texlive/2016/texmf-dist/tex/latex/amsmath/amstext.sty
Package: amstext 2000/06/29 v2.01 AMS text

(/usr/local/texlive/2016/texmf-dist/tex/latex/amsmath/amsgen.sty
File: amsgen.sty 1999/11/30 v2.0 generic functions
\@emptytoks=\toks14
\ex@=\dimen103
))
(/usr/local/texlive/2016/texmf-dist/tex/latex/amsmath/amsbsy.sty
Package: amsbsy 1999/11/29 v1.2d Bold Symbols
\pmbraise@=\dimen104
)
(/usr/local/texlive/2016/texmf-dist/tex/latex/amsmath/amsopn.sty
Package: amsopn 2016/03/08 v2.02 operator names
)
\inf@bad=\count88
LaTeX Info: Redefining \frac on input line 199.
\uproot@=\count89
\leftroot@=\count90
LaTeX Info: Redefining \overline on input line 297.
\classnum@=\count91
\DOTSCASE@=\count92
LaTeX Info: Redefining \ldots on input line 394.
LaTeX Info: Redefining \dots on input line 397.
LaTeX Info: Redefining \cdots on input line 518.
\Mathstrutbox@=\box26
\strutbox@=\box27
\big@size=\dimen105
LaTeX Font Info:    Redeclaring font encoding OML on input line 634.
LaTeX Font Info:    Redeclaring font encoding OMS on input line 635.
\macc@depth=\count93
\c@MaxMatrixCols=\count94
\dotsspace@=\muskip10
\c@parentequation=\count95
\dspbrk@lvl=\count96
\tag@help=\toks15
\row@=\count97
\column@=\count98
\maxfields@=\count99
\andhelp@=\toks16
\eqnshift@=\dimen106
\alignsep@=\dimen107
\tagshift@=\dimen108
\tagwidth@=\dimen109
\totwidth@=\dimen110
\lineht@=\dimen111
\@envbody=\toks17
\multlinegap=\skip44
\multlinetaggap=\skip45
\mathdisplay@stack=\toks18
LaTeX Info: Redefining \[ on input line 2739.
LaTeX Info: Redefining \] on input line 2740.
)
(/usr/local/texlive/2016/texmf-dist/tex/latex/algorithms/algorithm.sty
Package: algorithm 2009/08/24 v0.1 Document Style `algorithm' - floating enviro
nment

(/usr/local/texlive/2016/texmf-dist/tex/latex/float/float.sty
Package: float 2001/11/08 v1.3d Float enhancements (AL)
\c@float@type=\count100
\float@exts=\toks19
\float@box=\box28
\@float@everytoks=\toks20
\@floatcapt=\box29
)
(/usr/local/texlive/2016/texmf-dist/tex/latex/base/ifthen.sty
Package: ifthen 2014/09/29 v1.1c Standard LaTeX ifthen package (DPC)
)
\@float@every@algorithm=\toks21
\c@algorithm=\count101
)
(/usr/local/texlive/2016/texmf-dist/tex/latex/algorithmicx/algpseudocode.sty
Package: algpseudocode 

(/usr/local/texlive/2016/texmf-dist/tex/latex/algorithmicx/algorithmicx.sty
Package: algorithmicx 2005/04/27 v1.2 Algorithmicx

Document Style algorithmicx 1.2 - a greatly improved `algorithmic' style
\c@ALG@line=\count102
\c@ALG@rem=\count103
\c@ALG@nested=\count104
\ALG@tlm=\skip46
\ALG@thistlm=\skip47
\c@ALG@Lnr=\count105
\c@ALG@blocknr=\count106
\c@ALG@storecount=\count107
\c@ALG@tmpcounter=\count108
\ALG@tmplength=\skip48
)
Document Style - pseudocode environments for use with the `algorithmicx' style
) (/usr/local/texlive/2016/texmf-dist/tex/latex/amsfonts/amssymb.sty
Package: amssymb 2013/01/14 v3.01 AMS font symbols

(/usr/local/texlive/2016/texmf-dist/tex/latex/amsfonts/amsfonts.sty
Package: amsfonts 2013/01/14 v3.01 Basic AMSFonts support
\symAMSa=\mathgroup4
\symAMSb=\mathgroup5
LaTeX Font Info:    Overwriting math alphabet `\mathfrak' in version `bold'
(Font)                  U/euf/m/n --> U/euf/b/n on input line 106.
))
(/usr/local/texlive/2016/texmf-dist/tex/latex/amscls/amsthm.sty
Package: amsthm 2015/03/04 v2.20.2
\thm@style=\toks22
\thm@bodyfont=\toks23
\thm@headfont=\toks24
\thm@notefont=\toks25
\thm@headpunct=\toks26
\thm@preskip=\skip49
\thm@postskip=\skip50
\thm@headsep=\skip51
\dth@everypar=\toks27
)
\c@definition=\count109


Package amsthm Warning: Unknown theoremstyle `lemma' on input line 30.

\c@lemma=\count110

Package amsthm Warning: Unknown theoremstyle `corollary' on input line 33.

\c@corollary=\count111
(/usr/local/texlive/2016/texmf-dist/tex/latex/graphics/graphicx.sty
Package: graphicx 2014/10/28 v1.0g Enhanced LaTeX Graphics (DPC,SPQR)

(/usr/local/texlive/2016/texmf-dist/tex/latex/graphics/keyval.sty
Package: keyval 2014/10/28 v1.15 key=value parser (DPC)
\KV@toks@=\toks28
)
(/usr/local/texlive/2016/texmf-dist/tex/latex/graphics/graphics.sty
Package: graphics 2016/05/09 v1.0r Standard LaTeX Graphics (DPC,SPQR)

(/usr/local/texlive/2016/texmf-dist/tex/latex/graphics/trig.sty
Package: trig 2016/01/03 v1.10 sin cos tan (DPC)
)
(/usr/local/texlive/2016/texmf-dist/tex/latex/graphics-cfg/graphics.cfg
File: graphics.cfg 2016/01/02 v1.10 sample graphics configuration
)
Package graphics Info: Driver file: pdftex.def on input line 96.

(/usr/local/texlive/2016/texmf-dist/tex/latex/pdftex-def/pdftex.def
File: pdftex.def 2011/05/27 v0.06d Graphics/color for pdfTeX

(/usr/local/texlive/2016/texmf-dist/tex/generic/oberdiek/infwarerr.sty
Package: infwarerr 2016/05/16 v1.4 Providing info/warning/error messages (HO)
)
(/usr/local/texlive/2016/texmf-dist/tex/generic/oberdiek/ltxcmds.sty
Package: ltxcmds 2016/05/16 v1.23 LaTeX kernel commands for general use (HO)
)
\Gread@gobject=\count112
))
\Gin@req@height=\dimen112
\Gin@req@width=\dimen113
)
(/usr/local/texlive/2016/texmf-dist/tex/latex/moreverb/moreverb.sty
Package: moreverb 2008/06/03 v2.3a `more' verbatim facilities

(/usr/local/texlive/2016/texmf-dist/tex/latex/tools/verbatim.sty
Package: verbatim 2014/10/28 v1.5q LaTeX2e package for verbatim enhancements
\every@verbatim=\toks29
\verbatim@line=\toks30
\verbatim@in@stream=\read1
)
\tab@position=\count113
\tab@size=\count114
\listing@line=\count115
)
(/usr/local/texlive/2016/texmf-dist/tex/latex/url/url.sty
\Urlmuskip=\muskip11
Package: url 2013/09/16  ver 3.4  Verb mode for urls, etc.
)
(/usr/local/texlive/2016/texmf-dist/tex/latex/setspace/setspace.sty
Package: setspace 2011/12/19 v6.7a set line spacing
)
(/usr/local/texlive/2016/texmf-dist/tex/generic/babel/babel.sty
Package: babel 2016/04/23 3.9r The Babel package

(/usr/local/texlive/2016/texmf-dist/tex/generic/babel-english/english.ldf
Language: english 2012/08/20 v3.3p English support from the babel system

(/usr/local/texlive/2016/texmf-dist/tex/generic/babel/babel.def
File: babel.def 2016/04/23 3.9r Babel common definitions
\babel@savecnt=\count116
\U@D=\dimen114
)
\l@canadian = a dialect from \language\l@american 
\l@australian = a dialect from \language\l@british 
\l@newzealand = a dialect from \language\l@british 
))
(/usr/local/texlive/2016/texmf-dist/tex/latex/geometry/geometry.sty
Package: geometry 2010/09/12 v5.6 Page Geometry

(/usr/local/texlive/2016/texmf-dist/tex/generic/oberdiek/ifpdf.sty
Package: ifpdf 2016/05/14 v3.1 Provides the ifpdf switch
)
(/usr/local/texlive/2016/texmf-dist/tex/generic/oberdiek/ifvtex.sty
Package: ifvtex 2016/05/16 v1.6 Detect VTeX and its facilities (HO)
Package ifvtex Info: VTeX not detected.
)
(/usr/local/texlive/2016/texmf-dist/tex/generic/ifxetex/ifxetex.sty
Package: ifxetex 2010/09/12 v0.6 Provides ifxetex conditional
)
\Gm@cnth=\count117
\Gm@cntv=\count118
\c@Gm@tempcnt=\count119
\Gm@bindingoffset=\dimen115
\Gm@wd@mp=\dimen116
\Gm@odd@mp=\dimen117
\Gm@even@mp=\dimen118
\Gm@layoutwidth=\dimen119
\Gm@layoutheight=\dimen120
\Gm@layouthoffset=\dimen121
\Gm@layoutvoffset=\dimen122
\Gm@dimlist=\toks31
)
(/usr/local/texlive/2016/texmf-dist/tex/latex/fancyhdr/fancyhdr.sty
\fancy@headwidth=\skip52
\f@ncyO@elh=\skip53
\f@ncyO@erh=\skip54
\f@ncyO@olh=\skip55
\f@ncyO@orh=\skip56
\f@ncyO@elf=\skip57
\f@ncyO@erf=\skip58
\f@ncyO@olf=\skip59
\f@ncyO@orf=\skip60
)
\WidthOfX=\skip61

(./main.aux

LaTeX Warning: Label `table:simpletable' multiply defined.

)
\openout1 = `main.aux'.

LaTeX Font Info:    Checking defaults for OML/cmm/m/it on input line 113.
LaTeX Font Info:    ... okay on input line 113.
LaTeX Font Info:    Checking defaults for T1/cmr/m/n on input line 113.
LaTeX Font Info:    ... okay on input line 113.
LaTeX Font Info:    Checking defaults for OT1/cmr/m/n on input line 113.
LaTeX Font Info:    ... okay on input line 113.
LaTeX Font Info:    Checking defaults for OMS/cmsy/m/n on input line 113.
LaTeX Font Info:    ... okay on input line 113.
LaTeX Font Info:    Checking defaults for OMX/cmex/m/n on input line 113.
LaTeX Font Info:    ... okay on input line 113.
LaTeX Font Info:    Checking defaults for U/cmr/m/n on input line 113.
LaTeX Font Info:    ... okay on input line 113.
 (/usr/local/texlive/2016/texmf-dist/tex/context/base/mkii/supp-pdf.mkii
[Loading MPS to PDF converter (version 2006.09.02).]
\scratchcounter=\count120
\scratchdimen=\dimen123
\scratchbox=\box30
\nofMPsegments=\count121
\nofMParguments=\count122
\everyMPshowfont=\toks32
\MPscratchCnt=\count123
\MPscratchDim=\dimen124
\MPnumerator=\count124
\makeMPintoPDFobject=\count125
\everyMPtoPDFconversion=\toks33
) (/usr/local/texlive/2016/texmf-dist/tex/generic/oberdiek/pdftexcmds.sty
Package: pdftexcmds 2016/05/10 v0.21 Utility functions of pdfTeX for LuaTeX (HO
)

(/usr/local/texlive/2016/texmf-dist/tex/generic/oberdiek/ifluatex.sty
Package: ifluatex 2016/05/16 v1.4 Provides the ifluatex switch (HO)
Package ifluatex Info: LuaTeX not detected.
)
Package pdftexcmds Info: LuaTeX not detected.
Package pdftexcmds Info: \pdf@primitive is available.
Package pdftexcmds Info: \pdf@ifprimitive is available.
Package pdftexcmds Info: \pdfdraftmode found.
)
(/usr/local/texlive/2016/texmf-dist/tex/latex/oberdiek/epstopdf-base.sty
Package: epstopdf-base 2016/05/15 v2.6 Base part for package epstopdf

(/usr/local/texlive/2016/texmf-dist/tex/latex/oberdiek/grfext.sty
Package: grfext 2016/05/16 v1.2 Manage graphics extensions (HO)

(/usr/local/texlive/2016/texmf-dist/tex/generic/oberdiek/kvdefinekeys.sty
Package: kvdefinekeys 2016/05/16 v1.4 Define keys (HO)
))
(/usr/local/texlive/2016/texmf-dist/tex/latex/oberdiek/kvoptions.sty
Package: kvoptions 2016/05/16 v3.12 Key value format for package options (HO)

(/usr/local/texlive/2016/texmf-dist/tex/generic/oberdiek/kvsetkeys.sty
Package: kvsetkeys 2016/05/16 v1.17 Key value parser (HO)

(/usr/local/texlive/2016/texmf-dist/tex/generic/oberdiek/etexcmds.sty
Package: etexcmds 2016/05/16 v1.6 Avoid name clashes with e-TeX commands (HO)
Package etexcmds Info: Could not find \expanded.
(etexcmds)             That can mean that you are not using pdfTeX 1.50 or
(etexcmds)             that some package has redefined \expanded.
(etexcmds)             In the latter case, load this package earlier.
)))
Package grfext Info: Graphics extension search list:
(grfext)             [.png,.pdf,.jpg,.mps,.jpeg,.jbig2,.jb2,.PNG,.PDF,.JPG,.JPE
G,.JBIG2,.JB2,.eps]
(grfext)             \AppendGraphicsExtensions on input line 456.

(/usr/local/texlive/2016/texmf-dist/tex/latex/latexconfig/epstopdf-sys.cfg
File: epstopdf-sys.cfg 2010/07/13 v1.3 Configuration of (r)epstopdf for TeX Liv
e
))
*geometry* driver: auto-detecting
*geometry* detected driver: pdftex
*geometry* verbose mode - [ preamble ] result:
* driver: pdftex
* paper: <default>
* layout: <same size as paper>
* layoutoffset:(h,v)=(0.0pt,0.0pt)
* modes: 
* h-part:(L,W,R)=(108.405pt, 433.62001pt, 72.26999pt)
* v-part:(T,H,B)=(144.54pt, 542.025pt, 108.405pt)
* \paperwidth=614.295pt
* \paperheight=794.96999pt
* \textwidth=433.62001pt
* \textheight=542.025pt
* \oddsidemargin=36.13501pt
* \evensidemargin=36.13501pt
* \topmargin=35.27pt
* \headheight=12.0pt
* \headsep=25.0pt
* \topskip=11.0pt
* \footskip=30.0pt
* \marginparwidth=59.0pt
* \marginparsep=10.0pt
* \columnsep=10.0pt
* \skip\footins=10.0pt plus 4.0pt minus 2.0pt
* \hoffset=0.0pt
* \voffset=0.0pt
* \mag=1000
* \@twocolumnfalse
* \@twosidefalse
* \@mparswitchfalse
* \@reversemarginfalse
* (1in=72.27pt=25.4mm, 1cm=28.453pt)

(./abstract.tex
LaTeX Font Info:    Try loading font information for U+msa on input line 56.
 (/usr/local/texlive/2016/texmf-dist/tex/latex/amsfonts/umsa.fd
File: umsa.fd 2013/01/14 v3.01 AMS symbols A
)
LaTeX Font Info:    Try loading font information for U+msb on input line 56.
(/usr/local/texlive/2016/texmf-dist/tex/latex/amsfonts/umsb.fd
File: umsb.fd 2013/01/14 v3.01 AMS symbols B
)

Package Fancyhdr Warning: \headheight is too small (12.0pt): 
 Make it at least 13.59999pt.
 We now make it that large for the rest of the document.
 This may cause the page layout to be inconsistent, however.

[1

{/usr/local/texlive/2016/texmf-var/fonts/map/pdftex/updmap/pdftex.map}])
[2] (./ack.tex) [3

] (./signatures.tex
Underfull \hbox (badness 10000) detected at line 51
 
 []


Underfull \hbox (badness 10000) detected at line 60
 
 []


Underfull \hbox (badness 10000) detected at line 66
 
 []


Underfull \hbox (badness 10000) detected at line 79
 
 []


Underfull \hbox (badness 10000) detected at line 84
 
 []

) [4

] (./titlepage.tex) [5

] (./main.toc [6

])
\tf@toc=\write3
\openout3 = `main.toc'.

 [7] (./main.lot)
\tf@lot=\write4
\openout4 = `main.lot'.

 [8

] (./main.lof
[9

])
\tf@lof=\write5
\openout5 = `main.lof'.

 [10] (./ChapterIntro.tex
Chapter 1.
<images/example1.png, id=41, 1216.545pt x 1218.954pt>
File: images/example1.png Graphic file (type png)

<use images/example1.png>
Package pdftex.def Info: images/example1.png used on input line 13.
(pdftex.def)             Requested size: 182.47388pt x 182.8352pt.


LaTeX Warning: `!h' float specifier changed to `!ht'.

[1


] [2 <./images/example1.png>] [3]
<images/example2.png, id=55, 1216.545pt x 1218.954pt>
File: images/example2.png Graphic file (type png)

<use images/example2.png>
Package pdftex.def Info: images/example2.png used on input line 66.
(pdftex.def)             Requested size: 182.47388pt x 182.8352pt.
 [4 <./images/example2.png>] [5] [6]
Overfull \hbox (5.97205pt too wide) in paragraph at lines 157--173
\OT1/cmr/m/n/10.95 timestep at most $\OML/cmm/m/it/10.95 T$\OT1/cmr/m/n/10.95 .
 Let $\OML/cmm/m/it/10.95 h[] \OT1/cmr/m/n/10.95 = (\OML/cmm/m/it/10.95 s[]; j[
]; s[]; j[]; :::; j[]; s[]\OT1/cmr/m/n/10.95 )$ and $\OML/cmm/m/it/10.95 h[] \O
T1/cmr/m/n/10.95 = (\OML/cmm/m/it/10.95 s[]; j[]; i[]; s[]; ::::; j[]; i[]; s[]
\OT1/cmr/m/n/10.95 )$
 []

[7]
Overfull \hbox (25.7142pt too wide) in paragraph at lines 211--220
[][] [][] \OML/cmm/m/it/10.95 ^^M[]\OT1/cmr/m/n/10.95 (\OML/cmm/m/it/10.95 P; s
[]; ^^[[]; ^^[[]\OT1/cmr/m/n/10.95 )$. One can also de-fine min-max so-lu-tion 
$[][] [][] \OML/cmm/m/it/10.95 ^^M[]\OT1/cmr/m/n/10.95 (\OML/cmm/m/it/10.95 P; 
s[]; ^^[[]; ^^[[]\OT1/cmr/m/n/10.95 )$.
 []

) (./ChapterModel.tex [8]
Chapter 2.
[9

] [10]

LaTeX Warning: Citation `Dijkstra80' undefined on input line 96.


LaTeX Warning: Citation `plop03-paper' undefined on input line 97.

) (./ChapterComputation.tex [11]
Chapter 3.
[12

] [13] [14] [15] [16] [17]
LaTeX Font Info:    Try loading font information for OMS+cmr on input line 186.


(/usr/local/texlive/2016/texmf-dist/tex/latex/base/omscmr.fd
File: omscmr.fd 2014/09/29 v2.5h Standard LaTeX font definitions
)
LaTeX Font Info:    Font shape `OMS/cmr/m/n' in size <10.95> not available
(Font)              Font shape `OMS/cmsy/m/n' tried instead on input line 186.

<images/graph1.png, id=112, 822.272pt x 822.272pt>
File: images/graph1.png Graphic file (type png)
 <use images/graph1.png>
Package pdftex.def Info: images/graph1.png used on input line 206.
(pdftex.def)             Requested size: 173.44534pt x 173.43503pt.

[18] [19 <./images/graph1.png>]
<images/graph2.png, id=123, 822.272pt x 822.272pt>
File: images/graph2.png Graphic file (type png)
 <use images/graph2.png>
Package pdftex.def Info: images/graph2.png used on input line 228.
(pdftex.def)             Requested size: 173.44534pt x 173.43503pt.

<images/graph3.png, id=124, 822.272pt x 822.272pt>
File: images/graph3.png Graphic file (type png)
 <use images/graph3.png>
Package pdftex.def Info: images/graph3.png used on input line 234.
(pdftex.def)             Requested size: 173.44534pt x 173.43503pt.

[20 <./images/graph2.png> <./images/graph3.png>]
<images/1.png, id=130, 344.487pt x 190.7928pt>
File: images/1.png Graphic file (type png)
 <use images/1.png>
Package pdftex.def Info: images/1.png used on input line 259.
(pdftex.def)             Requested size: 208.13574pt x 115.27423pt.

<images/2.png, id=131, 321.3606pt x 181.6386pt>
File: images/2.png Graphic file (type png)
 <use images/2.png>
Package pdftex.def Info: images/2.png used on input line 265.
(pdftex.def)             Requested size: 212.47618pt x 120.09525pt.

<images/3.png, id=132, 362.3136pt x 217.7736pt>
File: images/3.png Graphic file (type png)
 <use images/3.png>
Package pdftex.def Info: images/3.png used on input line 285.
(pdftex.def)             Requested size: 208.13574pt x 125.10254pt.

<images/4.png, id=133, 362.3136pt x 217.7736pt>
File: images/4.png Graphic file (type png)
 <use images/4.png>
Package pdftex.def Info: images/4.png used on input line 291.
(pdftex.def)             Requested size: 212.47618pt x 127.71104pt.
 [21 <./images/1.png> <./images/2.png>] <images/5.png, id=140, 398.4486pt x 217
.7736pt>
File: images/5.png Graphic file (type png)

<use images/5.png>
Package pdftex.def Info: images/5.png used on input line 331.
(pdftex.def)             Requested size: 208.13574pt x 113.75797pt.
 <images/6.png, id=141, 362.3136pt x 217.7736pt>
File: images/6.png Graphic file (type png)

<use images/6.png>
Package pdftex.def Info: images/6.png used on input line 337.
(pdftex.def)             Requested size: 212.47618pt x 127.71104pt.
 <images/7.png, id=142, 411.4572pt x 209.1012pt>
File: images/7.png Graphic file (type png)

<use images/7.png>
Package pdftex.def Info: images/7.png used on input line 346.
(pdftex.def)             Requested size: 185.15402pt x 94.09467pt.
 [22 <./images/3.png> <./images/4.png>]

LaTeX Warning: Citation `Dijkstra80' undefined on input line 384.


LaTeX Warning: Citation `plop03-paper' undefined on input line 385.

) (./chaptera.tex [23 <./images/5.png> <./images/6.png> <./images/7.png>]
Chapter 4.
Missing character: There is no â in font cmr10!
Missing character: There is no € in font cmr10!
Missing character: There is no œ in font cmr10!
<images/shadow1.png, id=154, 740.366pt x 722.7pt>
File: images/shadow1.png Graphic file (type png)
 <use images/shadow1.png>
Package pdftex.def Info: images/shadow1.png used on input line 18.
(pdftex.def)             Requested size: 111.05011pt x 108.40031pt.


LaTeX Warning: `!h' float specifier changed to `!ht'.

[24

] <images/shadow2.png, id=158, 561.297pt x 758.032pt>
File: images/shadow2.png Graphic file (type png)

<use images/shadow2.png>
Package pdftex.def Info: images/shadow2.png used on input line 35.
(pdftex.def)             Requested size: 84.1909pt x 113.69989pt.
 [25 <./images/shadow1.png> <./images/shadow2.png>]
<images/shadow3.png, id=164, 740.366pt x 722.7pt>
File: images/shadow3.png Graphic file (type png)
 <use images/shadow3.png>
Package pdftex.def Info: images/shadow3.png used on input line 47.
(pdftex.def)             Requested size: 111.05011pt x 108.40031pt.

[26 <./images/shadow3.png>] [27]
<images/shadow4.png, id=173, 2526.238pt x 722.7pt>
File: images/shadow4.png Graphic file (type png)
 <use images/shadow4.png>
Package pdftex.def Info: images/shadow4.png used on input line 101.
(pdftex.def)             Requested size: 378.91936pt x 108.40031pt.

[28 <./images/shadow4.png>] <images/shadow5.png, id=178, 740.366pt x 722.7pt>
File: images/shadow5.png Graphic file (type png)

<use images/shadow5.png>
Package pdftex.def Info: images/shadow5.png used on input line 114.
(pdftex.def)             Requested size: 111.05011pt x 108.40031pt.
 [29 <./images/shadow5.png>]
<images/shadow6.png, id=183, 1145.881pt x 704.231pt>
File: images/shadow6.png Graphic file (type png)
 <use images/shadow6.png>
Package pdftex.def Info: images/shadow6.png used on input line 127.
(pdftex.def)             Requested size: 171.87473pt x 105.63008pt.

[30 <./images/shadow6.png>] <images/test1.png, id=188, 462.528pt x 346.896pt>
File: images/test1.png Graphic file (type png)

<use images/test1.png>
Package pdftex.def Info: images/test1.png used on input line 146.
(pdftex.def)             Requested size: 69.37619pt x 52.03215pt.
 <images/test2.png, id=189, 1284.8pt x 963.6pt>
File: images/test2.png Graphic file (type png)

<use images/test2.png>
Package pdftex.def Info: images/test2.png used on input line 159.
(pdftex.def)             Requested size: 192.71169pt x 144.53375pt.
 [31 <./images/test1.png> <./images/test2.png>]
<images/arena.png, id=194, 1048.718pt x 1065.581pt>
File: images/arena.png Graphic file (type png)
 <use images/arena.png>
Package pdftex.def Info: images/arena.png used on input line 190.
(pdftex.def)             Requested size: 157.3009pt x 159.83025pt.


LaTeX Warning: `!h' float specifier changed to `!ht'.


LaTeX Warning: Citation `Dijkstra80' undefined on input line 218.


LaTeX Warning: Citation `plop03-paper' undefined on input line 219.

) (./main.bbl [32] [33 <./images/arena.png>] [34

] [35] [36]) (./appendix1.tex
[37]
Appendix A.
) [38

] (./main.aux)

LaTeX Warning: There were undefined references.


LaTeX Warning: There were multiply-defined labels.

 ) 
Here is how much of TeX's memory you used:
 4554 strings out of 493014
 61750 string characters out of 6133351
 138363 words of memory out of 5000000
 7930 multiletter control sequences out of 15000+600000
 17463 words of font info for 65 fonts, out of 8000000 for 9000
 1141 hyphenation exceptions out of 8191
 38i,16n,43p,1938b,350s stack positions out of 5000i,500n,10000p,200000b,80000s
</usr/local/texlive/2016/texmf-dist/fonts/type1/public/amsfonts/cm/cmbx10.pfb
></usr/local/texlive/2016/texmf-dist/fonts/type1/public/amsfonts/cm/cmbx12.pfb>
</usr/local/texlive/2016/texmf-dist/fonts/type1/public/amsfonts/cm/cmex10.pfb><
/usr/local/texlive/2016/texmf-dist/fonts/type1/public/amsfonts/cmextra/cmex8.pf
b></usr/local/texlive/2016/texmf-dist/fonts/type1/public/amsfonts/cmextra/cmex9
.pfb></usr/local/texlive/2016/texmf-dist/fonts/type1/public/amsfonts/cm/cmmi10.
pfb></usr/local/texlive/2016/texmf-dist/fonts/type1/public/amsfonts/cm/cmmi6.pf
b></usr/local/texlive/2016/texmf-dist/fonts/type1/public/amsfonts/cm/cmmi8.pfb>
</usr/local/texlive/2016/texmf-dist/fonts/type1/public/amsfonts/cm/cmmi9.pfb></
usr/local/texlive/2016/texmf-dist/fonts/type1/public/amsfonts/cm/cmr10.pfb></us
r/local/texlive/2016/texmf-dist/fonts/type1/public/amsfonts/cm/cmr12.pfb></usr/
local/texlive/2016/texmf-dist/fonts/type1/public/amsfonts/cm/cmr17.pfb></usr/lo
cal/texlive/2016/texmf-dist/fonts/type1/public/amsfonts/cm/cmr6.pfb></usr/local
/texlive/2016/texmf-dist/fonts/type1/public/amsfonts/cm/cmr8.pfb></usr/local/te
xlive/2016/texmf-dist/fonts/type1/public/amsfonts/cm/cmr9.pfb></usr/local/texli
ve/2016/texmf-dist/fonts/type1/public/amsfonts/cm/cmsl10.pfb></usr/local/texliv
e/2016/texmf-dist/fonts/type1/public/amsfonts/cm/cmsy10.pfb></usr/local/texlive
/2016/texmf-dist/fonts/type1/public/amsfonts/cm/cmsy6.pfb></usr/local/texlive/2
016/texmf-dist/fonts/type1/public/amsfonts/cm/cmsy8.pfb></usr/local/texlive/201
6/texmf-dist/fonts/type1/public/amsfonts/cm/cmti10.pfb></usr/local/texlive/2016
/texmf-dist/fonts/type1/public/amsfonts/cm/cmtt10.pfb></usr/local/texlive/2016/
texmf-dist/fonts/type1/public/amsfonts/symbols/msbm10.pfb>
Output written on main.pdf (48 pages, 1133569 bytes).
PDF statistics:
 290 PDF objects out of 1000 (max. 8388607)
 175 compressed objects within 2 object streams
 0 named destinations out of 1000 (max. 500000)
 106 words of extra memory for PDF output out of 10000 (max. 10000000)

